#
# A fatal error has been detected by the Java Runtime Environment:
#
#  SIGSEGV (0xb) at pc=0x000076887c40b224, pid=6361, tid=6392
#
# JRE version: OpenJDK Runtime Environment (21.0.3+9) (build 21.0.3+9-Ubuntu-1ubuntu1)
# Java VM: OpenJDK 64-Bit Server VM (21.0.3+9-Ubuntu-1ubuntu1, mixed mode, emulated-client, sharing, tiered, compressed oops, compressed class ptrs, g1 gc, linux-amd64)
# Problematic frame:
# 
[error occurred during error reporting (printing problematic frame), id 0xb, SIGSEGV (0xb) at pc=0x0000768880466889]
# Core dump will be written. Default location: Core dumps may be processed with "/usr/share/apport/apport -p%p -s%s -c%c -d%d -P%P -u%u -g%g -- %E" (or dumping to /home/i/Downloads/newsletter/core.6361)
#
# If you would like to submit a bug report, please visit:
#   https://bugs.launchpad.net/ubuntu/+source/openjdk-21
#

---------------  S U M M A R Y ------------

Command Line: -XX:TieredStopAtLevel=1 com.newsletter.NewsletterApplication

Host: Intel(R) Core(TM) i5-8250U CPU @ 1.60GHz, 8 cores, 7G, Ubuntu 24.04 LTS
Time: Thu Jun 27 16:48:21 2024 WAT elapsed time: 165.032699 seconds (0d 0h 2m 45s)

---------------  T H R E A D  ---------------

Current thread (0x0000768878f90040):  JavaThread "http-nio-8080-exec-1" daemon [_thread_in_vm, id=6392, stack(0x000076885c4f8000,0x000076885c5f8000) (1024K)]

Stack: [0x000076885c4f8000,0x000076885c5f8000],  sp=0x000076885c5f60e8,  free space=1016k
Native frames: (J=compiled Java code, j=interpreted, Vv=VM code, C=native code)

[error occurred during error reporting (printing native stack (with source info)), id 0xb, SIGSEGV (0xb) at pc=0x0000768880466889]

Retrying call stack printing without source information...
Native frames: (J=compiled Java code, j=interpreted, Vv=VM code, C=native code)

[error occurred during error reporting (retry printing native stack (no source info)), id 0xb, SIGSEGV (0xb) at pc=0x0000768880466889]
Java frames: (J=compiled Java code, j=interpreted, Vv=VM code)
j  org.apache.coyote.RequestGroupInfo.addRequestProcessor(Lorg/apache/coyote/RequestInfo;)V+5
j  org.apache.coyote.RequestInfo.setGlobalProcessor(Lorg/apache/coyote/RequestGroupInfo;)V+11
j  org.apache.coyote.AbstractProtocol$ConnectionHandler.register(Lorg/apache/coyote/Processor;)V+39
j  org.apache.coyote.AbstractProtocol$ConnectionHandler.process(Lorg/apache/tomcat/util/net/SocketWrapperBase;Lorg/apache/tomcat/util/net/SocketEvent;)Lorg/apache/tomcat/util/net/AbstractEndpoint$Handler$SocketState;+421
j  org.apache.tomcat.util.net.NioEndpoint$SocketProcessor.doRun()V+249
j  org.apache.tomcat.util.net.SocketProcessorBase.run()V+32
j  org.apache.tomcat.util.threads.ThreadPoolExecutor.runWorker(Lorg/apache/tomcat/util/threads/ThreadPoolExecutor$Worker;)V+92
j  org.apache.tomcat.util.threads.ThreadPoolExecutor$Worker.run()V+5
j  org.apache.tomcat.util.threads.TaskThread$WrappingRunnable.run()V+4
j  java.lang.Thread.runWith(Ljava/lang/Object;Ljava/lang/Runnable;)V+5 java.base@21.0.3
j  java.lang.Thread.run()V+19 java.base@21.0.3
v  ~StubRoutines::call_stub 0x000076887c400cc6

siginfo: si_signo: 11 (SIGSEGV), si_code: 1 (SEGV_MAPERR), si_addr: 0x000000000000003f

Registers:
RAX=0x000076880f0010d8, RBX=0x000076880f0599c8, RCX=0x0000000000000000, RDX=0x0000000000000011
RSP=0x000076885c5f60e8, RBP=0x000076885c5f6110, RSI=0x000076880f0599c8, RDI=0x000076880f0599c8
R8 =0x00000000ffe883c8, R9 =0x0000000000000000, R10=0x00007688809c0800, R11=0x0000768878f907f8
R12=0x00000000ffee81d0, R13=0x0000000000000000, R14=0x0000768878ac4e40, R15=0x000076880f0599c8
RIP=0x000076887c40b224, EFLAGS=0x0000000000010246, CSGSFS=0x002b000000000033, ERR=0x0000000000000004
  TRAPNO=0x000000000000000e


Register to memory mapping:

RAX={method} {0x000076880f0010d8} 'equals' '(Ljava/lang/Object;)Z' in 'java/lang/Object'
RBX=0x000076880f0599c8 is a pointer to class: 

[error occurred during error reporting (printing register info), id 0xb, SIGSEGV (0xb) at pc=0x0000000000000000]
RCX=0x0 is null
RDX=0x0000000000000011 is an unknown value
RSP=0x000076885c5f60e8 is pointing into the stack for thread: 0x0000768878f90040
RBP=0x000076885c5f6110 is pointing into the stack for thread: 0x0000768878f90040
RSI=0x000076880f0599c8 is a pointer to class: 

[error occurred during error reporting (printing register info, attempt 2), id 0xb, SIGSEGV (0xb) at pc=0x000000000b2f5fb8]
RDI=0x000076880f0599c8 is a pointer to class: 

[error occurred during error reporting (printing register info, attempt 3), id 0xb, SIGSEGV (0xb) at pc=0x000000000c711e48]
Top of Stack: (sp=0x000076885c5f60e8)
0x000076885c5f60e8:   00007688800d33ce 0000768810399a80
0x000076885c5f60f8:   000076880f0599c8 0000000000000001
0x000076885c5f6108:   000076880f0599c8 000076885c5f6150
0x000076885c5f6118:   00007688805731cf 00007687dc0938b0
0x000076885c5f6128:   00007687dc0938c0 0000768878f90040
0x000076885c5f6138:   0000000000000029 0000768810399a80
0x000076885c5f6148:   000076880f0599c8 000076885c5f61e0
0x000076885c5f6158:   000076888036ab78 000076885c5f61e0
0x000076885c5f6168:   000076888072de42 0000000000000001
0x000076885c5f6178:   0000768810399a80 000076885c5f61c0
0x000076885c5f6188:   00007688805731cf 0000768878f908c0
0x000076885c5f6198:   000076887fe4adab 0000768878f90040
0x000076885c5f61a8:   0000000000000020 0000768810903a68
0x000076885c5f61b8:   0000768878f90040 0000000000000029
0x000076885c5f61c8:   000076885c5f62b0 0000000000000003
0x000076885c5f61d8:   000076880f0599c8 000076885c5f6290
0x000076885c5f61e8:   000076887fe8ca3b 000076885c5f6230
0x000076885c5f61f8:   00007688805731cf 0000768878f90040
0x000076885c5f6208:   0000768878f907f0 000076885c5f6220
0x000076885c5f6218:   000000257fe4bd35 0000768878f90040
0x000076885c5f6228:   0000768878f90790 0000768878f907d0
0x000076885c5f6238:   0000768878f907f0 0000768878f908b8
0x000076885c5f6248:   00000000000000d8 000076885c5f6b20
0x000076885c5f6258:   000076888036fde5 000076885c5f6360
0x000076885c5f6268:   000076880c5715a0 000076885c5f62b0
0x000076885c5f6278:   0000000000000025 000076885c5f63c0
0x000076885c5f6288:   0000768878f907e8 000076885c5f62e0
0x000076885c5f6298:   000076887fe8d4f2 000076885c5f6400
0x000076885c5f62a8:   00000000000000b9 000076880c5715a0
0x000076885c5f62b8:   0000768878f90040 0000768878f907e8
0x000076885c5f62c8:   0000768878f90040 0000768878f907e8
0x000076885c5f62d8:   0000000000000009 000076885c5f6370 

Instructions: (pc=0x000076887c40b224)
0x000076887c40b124:   00 00 00 49 c7 87 a0 03 00 00 00 00 00 00 c5 f8
0x000076887c40b134:   77 49 83 7f 08 00 0f 84 05 00 00 00 e9 bb 5a ff
0x000076887c40b144:   ff 49 8b 87 f0 03 00 00 49 c7 87 f0 03 00 00 00
0x000076887c40b154:   00 00 00 4c 8b 6d c0 4c 8b 75 c8 4e 8d 74 f5 00
0x000076887c40b164:   c3 e9 ee ef ff ff 4c 8b 6d c0 48 8b 65 b8 48 c7
0x000076887c40b174:   45 f0 00 00 00 00 e8 05 00 00 00 e9 80 00 00 00
0x000076887c40b184:   48 8d 44 24 08 4c 89 6d c0 49 8b ff c5 f8 77 49
0x000076887c40b194:   89 af a8 03 00 00 49 89 87 98 03 00 00 40 f6 c4
0x000076887c40b1a4:   0f 0f 84 12 00 00 00 48 83 ec 08 e8 ec a6 ce 03
0x000076887c40b1b4:   48 83 c4 08 e9 05 00 00 00 e8 de a6 ce 03 49 c7
0x000076887c40b1c4:   87 98 03 00 00 00 00 00 00 49 c7 87 a8 03 00 00
0x000076887c40b1d4:   00 00 00 00 49 c7 87 a0 03 00 00 00 00 00 00 c5
0x000076887c40b1e4:   f8 77 49 83 7f 08 00 0f 84 05 00 00 00 e9 0a 5a
0x000076887c40b1f4:   ff ff 4c 8b 6d c0 4c 8b 75 c8 4e 8d 74 f5 00 c3
0x000076887c40b204:   0f 1f 40 00 c8 3b 98 80 88 76 00 00 18 03 00 00
0x000076887c40b214:   ff ff ff ff 00 00 00 00 00 00 00 00 48 8b 53 08
0x000076887c40b224:   0f b7 4a 2e 0f b7 52 2c 2b d1 81 fa f5 01 00 00
0x000076887c40b234:   0f 86 25 00 00 00 48 8b c2 48 c1 e0 03 48 83 c0
0x000076887c40b244:   58 49 03 87 d0 04 00 00 48 3b e0 0f 87 0a 00 00
0x000076887c40b254:   00 58 49 8b e5 50 e9 21 ad ff ff 58 4c 8d 74 cc
0x000076887c40b264:   f8 85 d2 0f 8e 09 00 00 00 68 00 00 00 00 ff ca
0x000076887c40b274:   7f f7 50 55 48 8b ec 41 55 68 00 00 00 00 4c 8b
0x000076887c40b284:   6b 08 4d 8d 6d 38 53 48 8b 53 08 48 8b 52 08 48
0x000076887c40b294:   8b 52 18 48 8b 52 70 48 8b 12 52 68 00 00 00 00
0x000076887c40b2a4:   48 8b 53 08 48 8b 52 08 48 8b 52 10 52 49 8b c6
0x000076887c40b2b4:   48 2b c5 48 c1 e8 03 50 41 55 68 00 00 00 00 48
0x000076887c40b2c4:   89 24 24 41 c6 87 79 04 00 00 01 48 8b 43 18 48
0x000076887c40b2d4:   85 c0 0f 85 9a 00 00 00 e8 05 00 00 00 e9 83 00
0x000076887c40b2e4:   00 00 48 8b f3 48 8d 44 24 08 4c 89 6d c0 49 8b
0x000076887c40b2f4:   ff c5 f8 77 49 89 af a8 03 00 00 49 89 87 98 03
0x000076887c40b304:   00 00 40 f6 c4 0f 0f 84 12 00 00 00 48 83 ec 08
0x000076887c40b314:   e8 17 bb ce 03 48 83 c4 08 e9 05 00 00 00 e8 09 


Stack slot to memory mapping:

stack at sp + 0 slots: 0x00007688800d33ce: <offset 0x00000000008d33ce> in /usr/lib/jvm/java-21-openjdk-amd64/lib/server/libjvm.so at 0x000076887f800000
stack at sp + 1 slots: 0x0000768810399a80 is a pointer to class: 
org.apache.coyote.RequestGroupInfo {0x0000768810399a80}
 - instance size:     10
 - klass size:        134
 - access:            public synchronized 
 - flags:             rewritten has_nonstatic_fields should_verify_class has_localvariable_table 
 - state:             fully_initialized
 - name:              'org/apache/coyote/RequestGroupInfo'
 - super:             'org/apache/tomcat/util/modeler/BaseModelMBean'
 - sub:               
 - arrays:            null
 - methods:           Array<T>(0x000076880c571a38)
 - method ordering:   Array<T>(0x000076880fb42cd8)
 - default_methods:   Array<T>(0x0000000000000000)
 - local interfaces:  Array<T>(0x000076880f622330)
 - trans. interfaces: Array<T>(0x000076880c5764e8)
 - constants:         constant pool [131] {0x000076880c5715a0} for 'org/apache/coyote/RequestGroupInfo' cache=0x000076880c577138
 - class loader data:  loader data: 0x000076887819d000 for instance a 'jdk/internal/loader/ClassLoaders$AppClassLoader'{0x00000000ffee81d0}
 - source file:       'RequestGroupInfo.java'
 - class annotations:       Array<T>(0x0000000000000000)
 - class type annotations:  Array<T>(0x0000000000000000)
 - field annotations:       Array<T>(0x0000000000000000)
 - field type annotations:  Array<T>(0x0000000000000000)
 - inner classes:     Array<T>(0x000076880f6222b8)
 - nest members:     Array<T>(0x000076880f6222b8)
 - permitted subclasses:     Array<T>(0x000076880f6222b8)
 - java mirror:       a 'java/lang/Class'{0x000000008846c7b0} = 'org/apache/coyote/RequestGroupInfo'
 - vtable length      46  (start addr: 0x0000768810399c48)
 - itable length      29 (start addr: 0x0000768810399db8)
 - ---- static fields (0 words):
 - ---- non-static fields (17 words):
 - protected 'oname' 'Ljavax/management/ObjectName;' @12 
 - protected 'attributeBroadcaster' 'Lorg/apache/tomcat/util/modeler/BaseNotificationBroadcaster;' @16 
 - protected 'generalBroadcaster' 'Lorg/apache/tomcat/util/modeler/BaseNotificationBroadcaster;' @20 
 - protected 'managedBean' 'Lorg/apache/tomcat/util/modeler/ManagedBean;' @24 
 - protected 'resource' 'Ljava/lang/Object;' @28 
 - protected 'resourceType' 'Ljava/lang/String;' @32 
 - private 'deadRequestCount' 'I' @36 
 - private 'deadMaxTime' 'J' @40 
 - private 'deadProcessingTime' 'J' @48 
 - private 'deadBytesReceived' 'J' @56 
 - private 'deadBytesSent' 'J' @64 
 - private 'deadErrorCount' 'I' @72 
 - private final 'processors' 'Ljava/util/List;' @76 
 - non-static oop maps: 12-32 76-76 
stack at sp + 2 slots: 0x000076880f0599c8 is a pointer to class: 

[error occurred during error reporting (inspecting top of stack), id 0xb, SIGSEGV (0xb) at pc=0x000076887c453a98]
stack at sp + 3 slots: 0x0000000000000001 is an unknown value
stack at sp + 4 slots: 0x000076880f0599c8 is a pointer to class: 

[error occurred during error reporting (inspecting top of stack, attempt 2), id 0xb, SIGSEGV (0xb) at pc=0x000076887c453a98]
stack at sp + 5 slots: 0x000076885c5f6150 is pointing into the stack for thread: 0x0000768878f90040
stack at sp + 6 slots: 0x00007688805731cf: <offset 0x0000000000d731cf> in /usr/lib/jvm/java-21-openjdk-amd64/lib/server/libjvm.so at 0x000076887f800000
stack at sp + 7 slots: 0x00007687dc0938b0 points into unknown readable memory: 0x0000000000000000 | 00 00 00 00 00 00 00 00

method entry point (kind = zerolocals)  [0x000076887c40b220, 0x000076887c40b520]  768 bytes
[MachCode]
  0x000076887c40b220: 488b 5308 | 0fb7 4a2e | 0fb7 522c | 2bd1 81fa | f501 0000 | 0f86 2500 | 0000 488b | c248 c1e0 
  0x000076887c40b240: 0348 83c0 | 5849 0387 | d004 0000 | 483b e00f | 870a 0000 | 0058 498b | e550 e921 | adff ff58 
  0x000076887c40b260: 4c8d 74cc | f885 d20f | 8e09 0000 | 0068 0000 | 0000 ffca | 7ff7 5055 | 488b ec41 | 5568 0000 
  0x000076887c40b280: 0000 4c8b | 6b08 4d8d | 6d38 5348 | 8b53 0848 | 8b52 0848 | 8b52 1848 | 8b52 7048 | 8b12 5268 
  0x000076887c40b2a0: 0000 0000 | 488b 5308 | 488b 5208 | 488b 5210 | 5249 8bc6 | 482b c548 | c1e8 0350 | 4155 6800 
  0x000076887c40b2c0: 0000 0048 | 8924 2441 | c687 7904 | 0000 0148 | 8b43 1848 | 85c0 0f85 | 9a00 0000 | e805 0000 
  0x000076887c40b2e0: 00e9 8300 | 0000 488b | f348 8d44 | 2408 4c89 | 6dc0 498b | ffc5 f877 | 4989 afa8 | 0300 0049 
  0x000076887c40b300: 8987 9803 | 0000 40f6 | c40f 0f84 | 1200 0000 | 4883 ec08 | e817 bbce | 0348 83c4 | 08e9 0500 
  0x000076887c40b320: 0000 e809 | bbce 0349 | c787 9803 | 0000 0000 | 0000 49c7 | 87a8 0300 | 0000 0000 | 0049 c787 
  0x000076887c40b340: a003 0000 | 0000 0000 | c5f8 7749 | 837f 0800 | 0f84 0500 | 0000 e9a5 | 58ff ff4c | 8b6d c04c 
  0x000076887c40b360: 8b75 c84e | 8d74 f500 | c348 8b43 | 1848 85c0 | 0f84 1200 | 0000 8b48 | 0883 c102 | 8948 0823 
  0x000076887c40b380: 481c 0f84 | f900 0000 | 493b a7e8 | 0400 000f | 879c 0000 | 0089 8424 | 00f0 ffff | 8984 2400 
  0x000076887c40b3a0: e0ff ff89 | 8424 00d0 | ffff 8984 | 2400 c0ff | ff89 8424 | 00b0 ffff | 8984 2400 | a0ff ff89 
  0x000076887c40b3c0: 8424 0090 | ffff 8984 | 2400 80ff | ff89 8424 | 0070 ffff | 8984 2400 | 60ff ff89 | 8424 0050 
  0x000076887c40b3e0: ffff 8984 | 2400 40ff | ff89 8424 | 0030 ffff | 8984 2400 | 20ff ff89 | 8424 0010 | ffff 8984 
  0x000076887c40b400: 2400 00ff | ff89 8424 | 00f0 feff | 8984 2400 | e0fe ff89 | 8424 00d0 | feff 8984 | 2400 c0fe 
  0x000076887c40b420: ff49 3ba7 | e004 0000 | 7607 4989 | a7e8 0400 | 0041 c687 | 7904 0000 | 0080 3d0d | 5c8d 0400 
  0x000076887c40b440: 0f84 2800 | 0000 488b | 75e8 498b | ff40 f6c4 | 0f0f 8412 | 0000 0048 | 83ec 08e8 | 007f 1904 
  0x000076887c40b460: 4883 c408 | e905 0000 | 00e8 f27e | 1904 410f | b65d 0049 | ba20 ddd1 | 8088 7600 | 0041 ff24 
  0x000076887c40b480: dabe 0000 | 0000 e805 | 0000 00e9 | 8000 0000 | 488d 4424 | 084c 896d | c049 8bff | c5f8 7749 
  0x000076887c40b4a0: 89af a803 | 0000 4989 | 8798 0300 | 0040 f6c4 | 0f0f 8412 | 0000 0048 | 83ec 08e8 | 10e3 ce03 
  0x000076887c40b4c0: 4883 c408 | e905 0000 | 00e8 02e3 | ce03 49c7 | 8798 0300 | 0000 0000 | 0049 c787 | a803 0000 
  0x000076887c40b4e0: 0000 0000 | 49c7 87a0 | 0300 0000 | 0000 00c5 | f877 4983 | 7f08 000f | 8405 0000 | 00e9 fe56 
  0x000076887c40b500: ffff 4c8b | 6dc0 4c8b | 75c8 4e8d | 74f5 00c3 | 488b 5de8 | e96f feff | ff0f 1f80 | 0000 0000 
[/MachCode]

---------------  P R O C E S S  ---------------

Threads class SMR info:
_java_thread_list=0x00007687dc1cd480, length=26, elements={
0x000076887814c870, 0x000076887814e020, 0x000076887814faf0, 0x0000768878151140,
0x00007688781526f0, 0x0000768878153e00, 0x00007688781a2740, 0x00007688781a5fa0,
0x0000768878f8d6d0, 0x00007687c0001210, 0x0000768878f90040, 0x0000768878f91300,
0x0000768878f924a0, 0x0000768878f93630, 0x0000768878f95950, 0x0000768878f96cb0,
0x0000768878f982d0, 0x0000768878f99900, 0x0000768878f9af30, 0x0000768878f9c570,
0x0000768878f9e250, 0x0000768878fae420, 0x0000768879574020, 0x000076887a0b8d50,
0x000076887a0bf550, 0x00007688780182c0
}

Java Threads: ( => current thread )
  0x000076887814c870 JavaThread "Reference Handler"          daemon [_thread_blocked, id=6371, stack(0x000076885ddff000,0x000076885deff000) (1024K)]
  0x000076887814e020 JavaThread "Finalizer"                  daemon [_thread_blocked, id=6372, stack(0x000076885d700000,0x000076885d800000) (1024K)]
  0x000076887814faf0 JavaThread "Signal Dispatcher"          daemon [_thread_blocked, id=6373, stack(0x000076885d600000,0x000076885d700000) (1024K)]
  0x0000768878151140 JavaThread "Service Thread"             daemon [_thread_blocked, id=6374, stack(0x000076885d500000,0x000076885d600000) (1024K)]
  0x00007688781526f0 JavaThread "Monitor Deflation Thread"   daemon [_thread_blocked, id=6375, stack(0x000076885d400000,0x000076885d500000) (1024K)]
  0x0000768878153e00 JavaThread "C1 CompilerThread0"         daemon [_thread_blocked, id=6376, stack(0x000076885d300000,0x000076885d400000) (1024K)]
  0x00007688781a2740 JavaThread "Notification Thread"        daemon [_thread_blocked, id=6377, stack(0x000076885d200000,0x000076885d300000) (1024K)]
  0x00007688781a5fa0 JavaThread "Common-Cleaner"             daemon [_thread_blocked, id=6378, stack(0x000076885d100000,0x000076885d200000) (1024K)]
  0x0000768878f8d6d0 JavaThread "Catalina-utility-1"                [_thread_blocked, id=6390, stack(0x000076885ccfe000,0x000076885cdfe000) (1024K)]
  0x00007687c0001210 JavaThread "Catalina-utility-2"                [_thread_blocked, id=6391, stack(0x000076885c8fb000,0x000076885c9fb000) (1024K)]
=>0x0000768878f90040 JavaThread "http-nio-8080-exec-1"       daemon [_thread_in_vm, id=6392, stack(0x000076885c4f8000,0x000076885c5f8000) (1024K)]
  0x0000768878f91300 JavaThread "http-nio-8080-exec-2"       daemon [_thread_blocked, id=6393, stack(0x000076885c3f8000,0x000076885c4f8000) (1024K)]
  0x0000768878f924a0 JavaThread "http-nio-8080-exec-3"       daemon [_thread_blocked, id=6394, stack(0x000076885c2f8000,0x000076885c3f8000) (1024K)]
  0x0000768878f93630 JavaThread "http-nio-8080-exec-4"       daemon [_thread_blocked, id=6395, stack(0x000076885c1f8000,0x000076885c2f8000) (1024K)]
  0x0000768878f95950 JavaThread "http-nio-8080-exec-5"       daemon [_thread_blocked, id=6396, stack(0x000076885c0f8000,0x000076885c1f8000) (1024K)]
  0x0000768878f96cb0 JavaThread "http-nio-8080-exec-6"       daemon [_thread_blocked, id=6397, stack(0x000076880af00000,0x000076880b000000) (1024K)]
  0x0000768878f982d0 JavaThread "http-nio-8080-exec-7"       daemon [_thread_blocked, id=6398, stack(0x000076880ae00000,0x000076880af00000) (1024K)]
  0x0000768878f99900 JavaThread "http-nio-8080-exec-8"       daemon [_thread_blocked, id=6399, stack(0x000076880ad00000,0x000076880ae00000) (1024K)]
  0x0000768878f9af30 JavaThread "http-nio-8080-exec-9"       daemon [_thread_blocked, id=6400, stack(0x000076880ac00000,0x000076880ad00000) (1024K)]
  0x0000768878f9c570 JavaThread "http-nio-8080-exec-10"      daemon [_thread_blocked, id=6401, stack(0x000076880ab00000,0x000076880ac00000) (1024K)]
  0x0000768878f9e250 JavaThread "container-0"                       [_thread_blocked, id=6402, stack(0x000076880aa00000,0x000076880ab00000) (1024K)]
  0x0000768878fae420 JavaThread "mysql-cj-abandoned-connection-cleanup" daemon [_thread_blocked, id=6403, stack(0x000076880a900000,0x000076880aa00000) (1024K)]
  0x0000768879574020 JavaThread "HikariPool-1 housekeeper"   daemon [_thread_blocked, id=6405, stack(0x000076880a800000,0x000076880a900000) (1024K)]
  0x000076887a0b8d50 JavaThread "http-nio-8080-Poller"       daemon [_thread_in_native, id=6416, stack(0x000076880a600000,0x000076880a700000) (1024K)]
  0x000076887a0bf550 JavaThread "http-nio-8080-Acceptor"     daemon [_thread_in_native, id=6417, stack(0x000076880a500000,0x000076880a600000) (1024K)]
  0x00007688780182c0 JavaThread "DestroyJavaVM"                     [_thread_blocked, id=6362, stack(0x000076887f700000,0x000076887f800000) (1024K)]
Total: 26

Other Threads:
  0x000076887813f720 VMThread "VM Thread"                           [id=6370, stack(0x000076885df00000,0x000076885e000000) (1024K)]
  0x00007688781252d0 WatcherThread "VM Periodic Task Thread"        [id=6369, stack(0x000076886c0c5000,0x000076886c1c5000) (1024K)]
  0x000076887806f130 WorkerThread "GC Thread#0"                     [id=6363, stack(0x000076886ce53000,0x000076886cf53000) (1024K)]
  0x0000768804008360 WorkerThread "GC Thread#1"                     [id=6380, stack(0x000076885cf00000,0x000076885d000000) (1024K)]
  0x0000768804010d90 WorkerThread "GC Thread#2"                     [id=6381, stack(0x000076885cdff000,0x000076885ceff000) (1024K)]
  0x000076880400a190 WorkerThread "GC Thread#3"                     [id=6383, stack(0x000076885cbfe000,0x000076885ccfe000) (1024K)]
  0x000076880400b5c0 WorkerThread "GC Thread#4"                     [id=6384, stack(0x000076885cafd000,0x000076885cbfd000) (1024K)]
  0x00007688040138e0 WorkerThread "GC Thread#5"                     [id=6385, stack(0x000076885c9fc000,0x000076885cafc000) (1024K)]
  0x0000768804012f20 WorkerThread "GC Thread#6"                     [id=6387, stack(0x000076885c7fb000,0x000076885c8fb000) (1024K)]
  0x0000768804016200 WorkerThread "GC Thread#7"                     [id=6388, stack(0x000076885c6fa000,0x000076885c7fa000) (1024K)]
  0x000076887807f850 ConcurrentGCThread "G1 Main Marker"            [id=6364, stack(0x000076886cd52000,0x000076886ce52000) (1024K)]
  0x0000768878080800 WorkerThread "G1 Conc#0"                       [id=6365, stack(0x000076886cc51000,0x000076886cd51000) (1024K)]
  0x0000768860000d80 WorkerThread "G1 Conc#1"                       [id=6389, stack(0x000076885c5f9000,0x000076885c6f9000) (1024K)]
  0x0000768878109af0 ConcurrentGCThread "G1 Refine#0"               [id=6367, stack(0x000076886c348000,0x000076886c448000) (1024K)]
  0x000076887810aab0 ConcurrentGCThread "G1 Service"                [id=6368, stack(0x000076886c247000,0x000076886c347000) (1024K)]
Total: 15

Threads with active compile tasks:
Total: 0

VM state: not at safepoint (normal execution)

VM Mutex/Monitor currently owned by a thread: None

Heap address: 0x0000000087800000, size: 1928 MB, Compressed Oops mode: 32-bit

CDS archive(s) mapped at: [0x000076880f000000-0x000076880fcaa000-0x000076880fcaa000), size 13279232, SharedBaseAddress: 0x000076880f000000, ArchiveRelocationMode: 1.
Compressed class space mapped at: 0x0000768810000000-0x0000768850000000, reserved size: 1073741824
Narrow klass base: 0x000076880f000000, Narrow klass shift: 0, Narrow klass range: 0x100000000

GC Precious Log:
 CardTable entry size: 512
 Card Set container configuration: InlinePtr #cards 5 size 8 Array Of Cards #cards 12 size 40 Howl #buckets 4 coarsen threshold 1843 Howl Bitmap #cards 512 size 80 coarsen threshold 460 Card regions per heap region 1 cards per card region 2048
 CPUs: 8 total, 8 available
 Memory: 7709M
 Large Page Support: Disabled
 NUMA Support: Disabled
 Compressed Oops: Enabled (32-bit)
 Heap Region Size: 1M
 Heap Min Capacity: 8M
 Heap Initial Capacity: 122M
 Heap Max Capacity: 1928M
 Pre-touch: Disabled
 Parallel Workers: 8
 Concurrent Workers: 2
 Concurrent Refinement Workers: 8
 Periodic GC: Disabled

Heap:
 garbage-first heap   total 75776K, used 46546K [0x0000000087800000, 0x0000000100000000)
  region size 1024K, 20 young (20480K), 1 survivors (1024K)
 Metaspace       used 63129K, committed 63808K, reserved 1114112K
  class space    used 8975K, committed 9280K, reserved 1048576K

Heap Regions: E=young(eden), S=young(survivor), O=old, HS=humongous(starts), HC=humongous(continues), CS=collection set, F=free, TAMS=top-at-mark-start, PB=parsable bottom
|   0|0x0000000087800000, 0x0000000087900000, 0x0000000087900000|100%|HS|  |TAMS 0x0000000087800000| PB 0x0000000087800000| Complete 
|   1|0x0000000087900000, 0x0000000087a00000, 0x0000000087a00000|100%| O|  |TAMS 0x0000000087900000| PB 0x0000000087900000| Untracked 
|   2|0x0000000087a00000, 0x0000000087b00000, 0x0000000087b00000|100%| O|  |TAMS 0x0000000087a00000| PB 0x0000000087a00000| Untracked 
|   3|0x0000000087b00000, 0x0000000087c00000, 0x0000000087c00000|100%| O|  |TAMS 0x0000000087b00000| PB 0x0000000087b00000| Untracked 
|   4|0x0000000087c00000, 0x0000000087d00000, 0x0000000087d00000|100%| O|  |TAMS 0x0000000087c00000| PB 0x0000000087c00000| Untracked 
|   5|0x0000000087d00000, 0x0000000087e00000, 0x0000000087e00000|100%| O|  |TAMS 0x0000000087d00000| PB 0x0000000087d00000| Untracked 
|   6|0x0000000087e00000, 0x0000000087ee3b78, 0x0000000087f00000| 88%| O|  |TAMS 0x0000000087e00000| PB 0x0000000087e00000| Untracked 
|   7|0x0000000087f00000, 0x0000000088000000, 0x0000000088000000|100%| O|  |TAMS 0x0000000087f00000| PB 0x0000000087f00000| Untracked 
|   8|0x0000000088000000, 0x0000000088100000, 0x0000000088100000|100%| O|  |TAMS 0x0000000088000000| PB 0x0000000088000000| Untracked 
|   9|0x0000000088100000, 0x0000000088200000, 0x0000000088200000|100%| O|  |TAMS 0x0000000088100000| PB 0x0000000088100000| Untracked 
|  10|0x0000000088200000, 0x0000000088300000, 0x0000000088300000|100%| O|  |TAMS 0x0000000088200000| PB 0x0000000088200000| Untracked 
|  11|0x0000000088300000, 0x0000000088400000, 0x0000000088400000|100%| O|  |TAMS 0x0000000088300000| PB 0x0000000088300000| Untracked 
|  12|0x0000000088400000, 0x0000000088500000, 0x0000000088500000|100%| O|  |TAMS 0x0000000088400000| PB 0x0000000088400000| Untracked 
|  13|0x0000000088500000, 0x0000000088600000, 0x0000000088600000|100%| O|  |TAMS 0x0000000088500000| PB 0x0000000088500000| Untracked 
|  14|0x0000000088600000, 0x0000000088700000, 0x0000000088700000|100%| O|  |TAMS 0x0000000088600000| PB 0x0000000088600000| Untracked 
|  15|0x0000000088700000, 0x0000000088800000, 0x0000000088800000|100%| O|  |TAMS 0x0000000088700000| PB 0x0000000088700000| Untracked 
|  16|0x0000000088800000, 0x0000000088900000, 0x0000000088900000|100%| O|  |TAMS 0x0000000088800000| PB 0x0000000088800000| Untracked 
|  17|0x0000000088900000, 0x0000000088a00000, 0x0000000088a00000|100%| O|  |TAMS 0x0000000088900000| PB 0x0000000088900000| Untracked 
|  18|0x0000000088a00000, 0x0000000088abeb30, 0x0000000088b00000| 74%| O|  |TAMS 0x0000000088a00000| PB 0x0000000088a00000| Untracked 
|  19|0x0000000088b00000, 0x0000000088b00000, 0x0000000088c00000|  0%| F|  |TAMS 0x0000000088b00000| PB 0x0000000088b00000| Untracked 
|  20|0x0000000088c00000, 0x0000000088c00000, 0x0000000088d00000|  0%| F|  |TAMS 0x0000000088c00000| PB 0x0000000088c00000| Untracked 
|  21|0x0000000088d00000, 0x0000000088d00000, 0x0000000088e00000|  0%| F|  |TAMS 0x0000000088d00000| PB 0x0000000088d00000| Untracked 
|  22|0x0000000088e00000, 0x0000000088f00000, 0x0000000088f00000|100%| O|  |TAMS 0x0000000088e00000| PB 0x0000000088e00000| Untracked 
|  23|0x0000000088f00000, 0x0000000089000000, 0x0000000089000000|100%| O|  |TAMS 0x0000000088f00000| PB 0x0000000088f00000| Untracked 
|  24|0x0000000089000000, 0x0000000089100000, 0x0000000089100000|100%| O|  |TAMS 0x0000000089000000| PB 0x0000000089000000| Untracked 
|  25|0x0000000089100000, 0x0000000089200000, 0x0000000089200000|100%| O|  |TAMS 0x0000000089100000| PB 0x0000000089100000| Untracked 
|  26|0x0000000089200000, 0x0000000089300000, 0x0000000089300000|100%| O|Cm|TAMS 0x0000000089200000| PB 0x0000000089200000| Complete 
|  27|0x0000000089300000, 0x0000000089300000, 0x0000000089400000|  0%| F|  |TAMS 0x0000000089300000| PB 0x0000000089300000| Untracked 
|  28|0x0000000089400000, 0x0000000089400000, 0x0000000089500000|  0%| F|  |TAMS 0x0000000089400000| PB 0x0000000089400000| Untracked 
|  29|0x0000000089500000, 0x0000000089500000, 0x0000000089600000|  0%| F|  |TAMS 0x0000000089500000| PB 0x0000000089500000| Untracked 
|  30|0x0000000089600000, 0x0000000089600000, 0x0000000089700000|  0%| F|  |TAMS 0x0000000089600000| PB 0x0000000089600000| Untracked 
|  31|0x0000000089700000, 0x0000000089700000, 0x0000000089800000|  0%| F|  |TAMS 0x0000000089700000| PB 0x0000000089700000| Untracked 
|  32|0x0000000089800000, 0x0000000089800000, 0x0000000089900000|  0%| F|  |TAMS 0x0000000089800000| PB 0x0000000089800000| Untracked 
|  33|0x0000000089900000, 0x0000000089900000, 0x0000000089a00000|  0%| F|  |TAMS 0x0000000089900000| PB 0x0000000089900000| Untracked 
|  34|0x0000000089a00000, 0x0000000089a00000, 0x0000000089b00000|  0%| F|  |TAMS 0x0000000089a00000| PB 0x0000000089a00000| Untracked 
|  35|0x0000000089b00000, 0x0000000089b00000, 0x0000000089c00000|  0%| F|  |TAMS 0x0000000089b00000| PB 0x0000000089b00000| Untracked 
|  36|0x0000000089c00000, 0x0000000089c00000, 0x0000000089d00000|  0%| F|  |TAMS 0x0000000089c00000| PB 0x0000000089c00000| Untracked 
|  37|0x0000000089d00000, 0x0000000089d00000, 0x0000000089e00000|  0%| F|  |TAMS 0x0000000089d00000| PB 0x0000000089d00000| Untracked 
|  38|0x0000000089e00000, 0x0000000089e00000, 0x0000000089f00000|  0%| F|  |TAMS 0x0000000089e00000| PB 0x0000000089e00000| Untracked 
|  39|0x0000000089f00000, 0x0000000089f00000, 0x000000008a000000|  0%| F|  |TAMS 0x0000000089f00000| PB 0x0000000089f00000| Untracked 
|  40|0x000000008a000000, 0x000000008a000000, 0x000000008a100000|  0%| F|  |TAMS 0x000000008a000000| PB 0x000000008a000000| Untracked 
|  41|0x000000008a100000, 0x000000008a100000, 0x000000008a200000|  0%| F|  |TAMS 0x000000008a100000| PB 0x000000008a100000| Untracked 
|  42|0x000000008a200000, 0x000000008a200000, 0x000000008a300000|  0%| F|  |TAMS 0x000000008a200000| PB 0x000000008a200000| Untracked 
|  43|0x000000008a300000, 0x000000008a300000, 0x000000008a400000|  0%| F|  |TAMS 0x000000008a300000| PB 0x000000008a300000| Untracked 
|  44|0x000000008a400000, 0x000000008a400000, 0x000000008a500000|  0%| F|  |TAMS 0x000000008a400000| PB 0x000000008a400000| Untracked 
|  45|0x000000008a500000, 0x000000008a500000, 0x000000008a600000|  0%| F|  |TAMS 0x000000008a500000| PB 0x000000008a500000| Untracked 
|  46|0x000000008a600000, 0x000000008a600000, 0x000000008a700000|  0%| F|  |TAMS 0x000000008a600000| PB 0x000000008a600000| Untracked 
|  47|0x000000008a700000, 0x000000008a700000, 0x000000008a800000|  0%| F|  |TAMS 0x000000008a700000| PB 0x000000008a700000| Untracked 
|  48|0x000000008a800000, 0x000000008a800000, 0x000000008a900000|  0%| F|  |TAMS 0x000000008a800000| PB 0x000000008a800000| Untracked 
|  49|0x000000008a900000, 0x000000008a900000, 0x000000008aa00000|  0%| F|  |TAMS 0x000000008a900000| PB 0x000000008a900000| Untracked 
|  50|0x000000008aa00000, 0x000000008aa00000, 0x000000008ab00000|  0%| F|  |TAMS 0x000000008aa00000| PB 0x000000008aa00000| Untracked 
|  51|0x000000008ab00000, 0x000000008abb83a0, 0x000000008ac00000| 71%| E|  |TAMS 0x000000008ab00000| PB 0x000000008ab00000| Complete 
|  52|0x000000008ac00000, 0x000000008ad00000, 0x000000008ad00000|100%| E|CS|TAMS 0x000000008ac00000| PB 0x000000008ac00000| Complete 
|  53|0x000000008ad00000, 0x000000008ae00000, 0x000000008ae00000|100%| E|CS|TAMS 0x000000008ad00000| PB 0x000000008ad00000| Complete 
|  54|0x000000008ae00000, 0x000000008af00000, 0x000000008af00000|100%| E|CS|TAMS 0x000000008ae00000| PB 0x000000008ae00000| Complete 
|  55|0x000000008af00000, 0x000000008b000000, 0x000000008b000000|100%| E|CS|TAMS 0x000000008af00000| PB 0x000000008af00000| Complete 
|  56|0x000000008b000000, 0x000000008b100000, 0x000000008b100000|100%| E|CS|TAMS 0x000000008b000000| PB 0x000000008b000000| Complete 
|  57|0x000000008b100000, 0x000000008b200000, 0x000000008b200000|100%| E|CS|TAMS 0x000000008b100000| PB 0x000000008b100000| Complete 
|  58|0x000000008b200000, 0x000000008b300000, 0x000000008b300000|100%| E|CS|TAMS 0x000000008b200000| PB 0x000000008b200000| Complete 
|  59|0x000000008b300000, 0x000000008b400000, 0x000000008b400000|100%| E|CS|TAMS 0x000000008b300000| PB 0x000000008b300000| Complete 
|  60|0x000000008b400000, 0x000000008b500000, 0x000000008b500000|100%| E|CS|TAMS 0x000000008b400000| PB 0x000000008b400000| Complete 
|  61|0x000000008b500000, 0x000000008b600000, 0x000000008b600000|100%| E|CS|TAMS 0x000000008b500000| PB 0x000000008b500000| Complete 
|  62|0x000000008b600000, 0x000000008b700000, 0x000000008b700000|100%| E|CS|TAMS 0x000000008b600000| PB 0x000000008b600000| Complete 
|  63|0x000000008b700000, 0x000000008b800000, 0x000000008b800000|100%| E|CS|TAMS 0x000000008b700000| PB 0x000000008b700000| Complete 
|  64|0x000000008b800000, 0x000000008b900000, 0x000000008b900000|100%| E|CS|TAMS 0x000000008b800000| PB 0x000000008b800000| Complete 
|  65|0x000000008b900000, 0x000000008ba00000, 0x000000008ba00000|100%| E|CS|TAMS 0x000000008b900000| PB 0x000000008b900000| Complete 
|  66|0x000000008ba00000, 0x000000008bad2258, 0x000000008bb00000| 82%| S|CS|TAMS 0x000000008ba00000| PB 0x000000008ba00000| Complete 
|  67|0x000000008bb00000, 0x000000008bc00000, 0x000000008bc00000|100%| E|CS|TAMS 0x000000008bb00000| PB 0x000000008bb00000| Complete 
|  76|0x000000008c400000, 0x000000008c500000, 0x000000008c500000|100%| E|CS|TAMS 0x000000008c400000| PB 0x000000008c400000| Complete 
| 121|0x000000008f100000, 0x000000008f200000, 0x000000008f200000|100%| E|CS|TAMS 0x000000008f100000| PB 0x000000008f100000| Complete 
|1924|0x00000000ffc00000, 0x00000000ffd00000, 0x00000000ffd00000|100%| O|  |TAMS 0x00000000ffc00000| PB 0x00000000ffc00000| Untracked 
|1925|0x00000000ffd00000, 0x00000000ffe00000, 0x00000000ffe00000|100%| O|  |TAMS 0x00000000ffd00000| PB 0x00000000ffd00000| Untracked 
|1926|0x00000000ffe00000, 0x00000000fff00000, 0x00000000fff00000|100%| O|  |TAMS 0x00000000ffe00000| PB 0x00000000ffe00000| Untracked 
|1927|0x00000000fff00000, 0x0000000100000000, 0x0000000100000000|100%| E|CS|TAMS 0x00000000fff00000| PB 0x00000000fff00000| Complete 

Card table byte_map: [0x000076886ed73000,0x000076886f137000] _byte_map_base: 0x000076886e937000

Marking Bits: (CMBitMap*) 0x000076887806fc60
 Bits: [0x000076886cf53000, 0x000076886ed73000)

Polling page: 0x000076888114a000

Metaspace:

Usage:
  Non-class:     52.88 MB used.
      Class:      8.77 MB used.
       Both:     61.65 MB used.

Virtual space:
  Non-class space:       64.00 MB reserved,      53.25 MB ( 83%) committed,  1 nodes.
      Class space:        1.00 GB reserved,       9.06 MB ( <1%) committed,  1 nodes.
             Both:        1.06 GB reserved,      62.31 MB (  6%) committed. 

Chunk freelists:
   Non-Class:  10.77 MB
       Class:  6.95 MB
        Both:  17.72 MB

MaxMetaspaceSize: unlimited
CompressedClassSpaceSize: 1.00 GB
Initial GC threshold: 21.00 MB
Current GC threshold: 99.81 MB
CDS: on
 - commit_granule_bytes: 65536.
 - commit_granule_words: 8192.
 - virtual_space_node_default_size: 8388608.
 - enlarge_chunks_in_place: 1.
 - use_allocation_guard: 0.


Internal statistics:

num_allocs_failed_limit: 15.
num_arena_births: 936.
num_arena_deaths: 0.
num_vsnodes_births: 2.
num_vsnodes_deaths: 0.
num_space_committed: 997.
num_space_uncommitted: 0.
num_chunks_returned_to_freelist: 15.
num_chunks_taken_from_freelist: 3208.
num_chunk_merges: 15.
num_chunk_splits: 2304.
num_chunks_enlarged: 1766.
num_inconsistent_stats: 0.

CodeCache: size=49152Kb used=9249Kb max_used=9748Kb free=39902Kb
 bounds [0x000076887c400000, 0x000076887cd90000, 0x000076887f400000]
 total_blobs=5808 nmethods=5107 adapters=625
 compilation: enabled
              stopped_count=0, restarted_count=0
 full_count=0

Compilation events (20 events):
Event: 140.592 Thread 0x0000768878153e00 5165   !   1       java.lang.Thread::blockedOn (27 bytes)
Event: 140.593 Thread 0x0000768878153e00 nmethod 5165 0x000076887c5fc390 code [0x000076887c5fc520, 0x000076887c5fc718]
Event: 141.591 Thread 0x0000768878153e00 5166   !   1       sun.nio.ch.SelectorImpl::processDeregisterQueue (145 bytes)
Event: 141.593 Thread 0x0000768878153e00 nmethod 5166 0x000076887c5fb710 code [0x000076887c5fb940, 0x000076887c5fbef0]
Event: 141.593 Thread 0x0000768878153e00 5167   !   1       org.apache.tomcat.util.net.NioEndpoint$Poller::events (266 bytes)
Event: 141.597 Thread 0x0000768878153e00 nmethod 5167 0x000076887c5fa310 code [0x000076887c5fa620, 0x000076887c5faff0]
Event: 141.597 Thread 0x0000768878153e00 5168  s    1       org.apache.tomcat.util.collections.SynchronizedQueue::size (23 bytes)
Event: 141.597 Thread 0x0000768878153e00 nmethod 5168 0x000076887c5f9f10 code [0x000076887c5fa0a0, 0x000076887c5fa238]
Event: 141.597 Thread 0x0000768878153e00 5169       1       sun.nio.ch.SelectorImpl::ensureOpen (16 bytes)
Event: 141.598 Thread 0x0000768878153e00 nmethod 5169 0x000076887c5f9b90 code [0x000076887c5f9d40, 0x000076887c5f9e80]
Event: 141.598 Thread 0x0000768878153e00 5170       1       java.nio.channels.spi.AbstractSelector::isOpen (13 bytes)
Event: 141.598 Thread 0x0000768878153e00 nmethod 5170 0x000076887c5f9890 code [0x000076887c5f9a20, 0x000076887c5f9af0]
Event: 141.598 Thread 0x0000768878153e00 5171       1       org.apache.tomcat.util.net.SocketProperties::getTimeoutInterval (5 bytes)
Event: 141.598 Thread 0x0000768878153e00 nmethod 5171 0x000076887c5f9590 code [0x000076887c5f9720, 0x000076887c5f97e0]
Event: 156.457 Thread 0x0000768878153e00 5173       1       java.util.concurrent.locks.AbstractQueuedSynchronizer::acquire (20 bytes)
Event: 156.458 Thread 0x0000768878153e00 nmethod 5173 0x000076887c5f8e10 code [0x000076887c5f8fc0, 0x000076887c5f9118]
Event: 164.457 Thread 0x0000768878153e00 5174       1       java.util.concurrent.locks.AbstractQueuedSynchronizer$Node::setPrevRelaxed (12 bytes)
Event: 164.457 Thread 0x0000768878153e00 nmethod 5174 0x000076887c5f8b10 code [0x000076887c5f8ca0, 0x000076887c5f8db8]
Event: 164.457 Thread 0x0000768878153e00 5175       1       java.util.concurrent.locks.AbstractQueuedSynchronizer::casTail (13 bytes)
Event: 164.458 Thread 0x0000768878153e00 nmethod 5175 0x000076887c5f8810 code [0x000076887c5f89a0, 0x000076887c5f8ac0]

GC Heap History (18 events):
Event: 1.560 GC heap before
{Heap before GC invocations=0 (full 0):
 garbage-first heap   total 126976K, used 24606K [0x0000000087800000, 0x0000000100000000)
  region size 1024K, 23 young (23552K), 0 survivors (0K)
 Metaspace       used 6150K, committed 6400K, reserved 1114112K
  class space    used 837K, committed 960K, reserved 1048576K
}
Event: 1.576 GC heap after
{Heap after GC invocations=1 (full 0):
 garbage-first heap   total 126976K, used 8038K [0x0000000087800000, 0x0000000100000000)
  region size 1024K, 3 young (3072K), 3 survivors (3072K)
 Metaspace       used 6150K, committed 6400K, reserved 1114112K
  class space    used 837K, committed 960K, reserved 1048576K
}
Event: 2.409 GC heap before
{Heap before GC invocations=1 (full 0):
 garbage-first heap   total 126976K, used 33638K [0x0000000087800000, 0x0000000100000000)
  region size 1024K, 29 young (29696K), 3 survivors (3072K)
 Metaspace       used 13004K, committed 13248K, reserved 1114112K
  class space    used 1708K, committed 1792K, reserved 1048576K
}
Event: 2.422 GC heap after
{Heap after GC invocations=2 (full 0):
 garbage-first heap   total 126976K, used 10363K [0x0000000087800000, 0x0000000100000000)
  region size 1024K, 3 young (3072K), 3 survivors (3072K)
 Metaspace       used 13004K, committed 13248K, reserved 1114112K
  class space    used 1708K, committed 1792K, reserved 1048576K
}
Event: 4.553 GC heap before
{Heap before GC invocations=2 (full 0):
 garbage-first heap   total 126976K, used 62587K [0x0000000087800000, 0x0000000100000000)
  region size 1024K, 56 young (57344K), 3 survivors (3072K)
 Metaspace       used 21239K, committed 21504K, reserved 1114112K
  class space    used 2939K, committed 3072K, reserved 1048576K
}
Event: 4.576 GC heap after
{Heap after GC invocations=3 (full 0):
 garbage-first heap   total 126976K, used 15054K [0x0000000087800000, 0x0000000100000000)
  region size 1024K, 7 young (7168K), 7 survivors (7168K)
 Metaspace       used 21239K, committed 21504K, reserved 1114112K
  class space    used 2939K, committed 3072K, reserved 1048576K
}
Event: 6.498 GC heap before
{Heap before GC invocations=4 (full 0):
 garbage-first heap   total 58368K, used 57038K [0x0000000087800000, 0x0000000100000000)
  region size 1024K, 48 young (49152K), 7 survivors (7168K)
 Metaspace       used 28758K, committed 29312K, reserved 1114112K
  class space    used 4021K, committed 4288K, reserved 1048576K
}
Event: 6.528 GC heap after
{Heap after GC invocations=5 (full 0):
 garbage-first heap   total 69632K, used 19028K [0x0000000087800000, 0x0000000100000000)
  region size 1024K, 9 young (9216K), 9 survivors (9216K)
 Metaspace       used 28758K, committed 29312K, reserved 1114112K
  class space    used 4021K, committed 4288K, reserved 1048576K
}
Event: 7.708 GC heap before
{Heap before GC invocations=5 (full 0):
 garbage-first heap   total 69632K, used 42580K [0x0000000087800000, 0x0000000100000000)
  region size 1024K, 33 young (33792K), 9 survivors (9216K)
 Metaspace       used 35419K, committed 35968K, reserved 1114112K
  class space    used 5066K, committed 5312K, reserved 1048576K
}
Event: 7.730 GC heap after
{Heap after GC invocations=6 (full 0):
 garbage-first heap   total 69632K, used 20900K [0x0000000087800000, 0x0000000100000000)
  region size 1024K, 3 young (3072K), 3 survivors (3072K)
 Metaspace       used 35419K, committed 35968K, reserved 1114112K
  class space    used 5066K, committed 5312K, reserved 1048576K
}
Event: 7.767 GC heap before
{Heap before GC invocations=6 (full 0):
 garbage-first heap   total 69632K, used 20900K [0x0000000087800000, 0x0000000100000000)
  region size 1024K, 4 young (4096K), 3 survivors (3072K)
 Metaspace       used 35770K, committed 36288K, reserved 1114112K
  class space    used 5094K, committed 5312K, reserved 1048576K
}
Event: 7.774 GC heap after
{Heap after GC invocations=7 (full 0):
 garbage-first heap   total 83968K, used 20150K [0x0000000087800000, 0x0000000100000000)
  region size 1024K, 2 young (2048K), 2 survivors (2048K)
 Metaspace       used 35770K, committed 36288K, reserved 1114112K
  class space    used 5094K, committed 5312K, reserved 1048576K
}
Event: 10.535 GC heap before
{Heap before GC invocations=8 (full 0):
 garbage-first heap   total 75776K, used 67254K [0x0000000087800000, 0x0000000100000000)
  region size 1024K, 49 young (50176K), 2 survivors (2048K)
 Metaspace       used 52649K, committed 53184K, reserved 1114112K
  class space    used 7461K, committed 7680K, reserved 1048576K
}
Event: 10.548 GC heap after
{Heap after GC invocations=9 (full 0):
 garbage-first heap   total 75776K, used 23893K [0x0000000087800000, 0x0000000100000000)
  region size 1024K, 6 young (6144K), 6 survivors (6144K)
 Metaspace       used 52649K, committed 53184K, reserved 1114112K
  class space    used 7461K, committed 7680K, reserved 1048576K
}
Event: 12.456 GC heap before
{Heap before GC invocations=9 (full 0):
 garbage-first heap   total 75776K, used 62805K [0x0000000087800000, 0x0000000100000000)
  region size 1024K, 44 young (45056K), 6 survivors (6144K)
 Metaspace       used 59852K, committed 60544K, reserved 1114112K
  class space    used 8452K, committed 8768K, reserved 1048576K
}
Event: 12.480 GC heap after
{Heap after GC invocations=10 (full 0):
 garbage-first heap   total 75776K, used 27371K [0x0000000087800000, 0x0000000100000000)
  region size 1024K, 4 young (4096K), 4 survivors (4096K)
 Metaspace       used 59852K, committed 60544K, reserved 1114112K
  class space    used 8452K, committed 8768K, reserved 1048576K
}
Event: 12.635 GC heap before
{Heap before GC invocations=10 (full 0):
 garbage-first heap   total 75776K, used 30443K [0x0000000087800000, 0x0000000100000000)
  region size 1024K, 8 young (8192K), 4 survivors (4096K)
 Metaspace       used 60263K, committed 60928K, reserved 1114112K
  class space    used 8516K, committed 8832K, reserved 1048576K
}
Event: 12.647 GC heap after
{Heap after GC invocations=11 (full 0):
 garbage-first heap   total 75776K, used 28114K [0x0000000087800000, 0x0000000100000000)
  region size 1024K, 1 young (1024K), 1 survivors (1024K)
 Metaspace       used 60263K, committed 60928K, reserved 1114112K
  class space    used 8516K, committed 8832K, reserved 1048576K
}

Dll operation events (9 events):
Event: 0.007 Loaded shared library /usr/lib/jvm/java-21-openjdk-amd64/lib/libjava.so
Event: 0.108 Loaded shared library /usr/lib/jvm/java-21-openjdk-amd64/lib/libnio.so
Event: 0.115 Loaded shared library /usr/lib/jvm/java-21-openjdk-amd64/lib/libzip.so
Event: 0.364 Loaded shared library /usr/lib/jvm/java-21-openjdk-amd64/lib/libjimage.so
Event: 0.487 Loaded shared library /usr/lib/jvm/java-21-openjdk-amd64/lib/libnet.so
Event: 5.956 Loaded shared library /usr/lib/jvm/java-21-openjdk-amd64/lib/libmanagement.so
Event: 5.960 Loaded shared library /usr/lib/jvm/java-21-openjdk-amd64/lib/libmanagement_ext.so
Event: 7.069 Loaded shared library /usr/lib/jvm/java-21-openjdk-amd64/lib/libverify.so
Event: 7.915 Loaded shared library /usr/lib/jvm/java-21-openjdk-amd64/lib/libextnet.so

Deoptimization events (6 events):
Event: 5.152 Thread 0x00007688780182c0 DEOPT PACKING pc=0x000076887c9e460c sp=0x000076887f7fc740
Event: 5.152 Thread 0x00007688780182c0 DEOPT UNPACKING pc=0x000076887c45472f sp=0x000076887f7fbc18 mode 0
Event: 11.675 Thread 0x00007688780182c0 DEOPT PACKING pc=0x000076887c8b3e34 sp=0x000076887f7fbbb0
Event: 11.675 Thread 0x00007688780182c0 DEOPT UNPACKING pc=0x000076887c45472f sp=0x000076887f7fb128 mode 0
Event: 11.813 Thread 0x00007688780182c0 DEOPT PACKING pc=0x000076887c88c867 sp=0x000076887f7fbe40
Event: 11.813 Thread 0x00007688780182c0 DEOPT UNPACKING pc=0x000076887c45472f sp=0x000076887f7fb378 mode 3

Classes loaded (20 events):
Event: 164.938 Loading class java/util/concurrent/BlockingDeque done
Event: 164.938 Loading class java/util/concurrent/LinkedBlockingDeque done
Event: 164.939 Loading class java/util/concurrent/Semaphore
Event: 164.939 Loading class java/util/concurrent/Semaphore done
Event: 164.939 Loading class java/util/concurrent/Semaphore$NonfairSync
Event: 164.939 Loading class java/util/concurrent/Semaphore$Sync
Event: 164.939 Loading class java/util/concurrent/Semaphore$Sync done
Event: 164.939 Loading class java/util/concurrent/Semaphore$NonfairSync done
Event: 164.940 Loading class sun/nio/ch/SocketAdaptor
Event: 164.941 Loading class sun/nio/ch/SocketAdaptor done
Event: 164.941 Loading class sun/nio/ch/SocketChannelImpl$DefaultOptionsHolder
Event: 164.941 Loading class sun/nio/ch/SocketChannelImpl$DefaultOptionsHolder done
Event: 164.944 Loading class sun/nio/ch/SelectionKeyImpl
Event: 164.944 Loading class java/nio/channels/spi/AbstractSelectionKey
Event: 164.944 Loading class java/nio/channels/SelectionKey
Event: 164.945 Loading class java/nio/channels/SelectionKey done
Event: 164.945 Loading class java/nio/channels/spi/AbstractSelectionKey done
Event: 164.945 Loading class sun/nio/ch/SelectionKeyImpl done
Event: 164.945 Loading class java/lang/invoke/ConstantBootstraps
Event: 164.946 Loading class java/lang/invoke/ConstantBootstraps done

Classes unloaded (0 events):
No events

Classes redefined (0 events):
No events

Internal exceptions (20 events):
Event: 10.953 Thread 0x00007688780182c0 Exception <a 'java/lang/NoSuchMethodError'{0x000000008b7838c0}: 'java.lang.Object java.lang.invoke.Invokers$Holder.linkToTargetMethod(java.lang.Object, java.lang.Object, java.lang.Object, java.lang.Object, java.lang.Object, java.lang.Object, int, java.lang.Object)'> (0x000000008b7838c0) 
thrown [./src/hotspot/share/interpreter/linkResolver.cpp, line 772]
Event: 11.002 Thread 0x00007688780182c0 Exception <a 'java/lang/NoSuchMethodError'{0x000000008b63f658}: 'void java.lang.invoke.DirectMethodHandle$Holder.invokeInterface(java.lang.Object, java.lang.Object)'> (0x000000008b63f658) 
thrown [./src/hotspot/share/interpreter/linkResolver.cpp, line 772]
Event: 11.217 Thread 0x00007688780182c0 Exception <a 'java/lang/NoSuchMethodError'{0x000000008b3d8148}: 'void java.lang.invoke.Invokers$Holder.invokeExact_MT(java.lang.Object, java.lang.Object, java.lang.Object, java.lang.Object)'> (0x000000008b3d8148) 
thrown [./src/hotspot/share/interpreter/linkResolver.cpp, line 772]
Event: 11.370 Thread 0x00007688780182c0 Exception <a 'java/lang/IncompatibleClassChangeError'{0x000000008af949c0}: Found class java.lang.Object, but interface was expected> (0x000000008af949c0) 
thrown [./src/hotspot/share/interpreter/linkResolver.cpp, line 840]
Event: 11.393 Thread 0x00007688780182c0 Exception <a 'java/lang/IncompatibleClassChangeError'{0x000000008ae0e9b0}: Found class java.lang.Object, but interface was expected> (0x000000008ae0e9b0) 
thrown [./src/hotspot/share/interpreter/linkResolver.cpp, line 840]
Event: 11.464 Thread 0x00007688780182c0 Exception <a 'java/lang/IncompatibleClassChangeError'{0x000000008ad6c8d0}: Found class java.lang.Object, but interface was expected> (0x000000008ad6c8d0) 
thrown [./src/hotspot/share/interpreter/linkResolver.cpp, line 840]
Event: 11.750 Thread 0x00007688780182c0 Exception <a 'java/lang/IncompatibleClassChangeError'{0x000000008a738978}: Found class java.lang.Object, but interface was expected> (0x000000008a738978) 
thrown [./src/hotspot/share/interpreter/linkResolver.cpp, line 840]
Event: 12.105 Thread 0x00007688780182c0 Exception <a 'java/lang/NoSuchMethodError'{0x0000000089f46228}: 'java.lang.Object java.lang.invoke.DirectMethodHandle$Holder.newInvokeSpecial(java.lang.Object, java.lang.Object, java.lang.Object, java.lang.Object, java.lang.Object, java.lang.Object, java.lang.Object, java.lang.Object)'> (0x0000000089f46228) 
thrown [./src/hotspot/share/interpreter/linkResolver.cpp, line 772]
Event: 12.452 Thread 0x00007688780182c0 Exception <a 'java/lang/IncompatibleClassChangeError'{0x00000000899e8400}: Found class java.lang.Object, but interface was expected> (0x00000000899e8400) 
thrown [./src/hotspot/share/interpreter/linkResolver.cpp, line 840]
Event: 12.587 Thread 0x00007688780182c0 Exception <a 'java/lang/NoSuchMethodError'{0x000000008f1db860}: 'void java.lang.invoke.DirectMethodHandle$Holder.invokeVirtual(java.lang.Object, java.lang.Object, long)'> (0x000000008f1db860) 
thrown [./src/hotspot/share/interpreter/linkResolver.cpp, line 772]
Event: 12.774 Thread 0x00007688780182c0 Exception <a 'java/lang/NoSuchMethodError'{0x000000008c44ccc0}: 'int java.lang.invoke.DirectMethodHandle$Holder.invokeStaticInit(java.lang.Object, java.lang.Object, java.lang.Object, java.lang.Object)'> (0x000000008c44ccc0) 
thrown [./src/hotspot/share/interpreter/linkResolver.cpp, line 772]
Event: 12.834 Thread 0x00007688780182c0 Exception <a 'java/lang/IncompatibleClassChangeError'{0x000000008bb2a858}: Found class java.lang.Object, but interface was expected> (0x000000008bb2a858) 
thrown [./src/hotspot/share/interpreter/linkResolver.cpp, line 840]
Event: 12.984 Thread 0x00007688780182c0 Exception <a 'java/lang/IncompatibleClassChangeError'{0x000000008b7e70d0}: Found class java.lang.Object, but interface was expected> (0x000000008b7e70d0) 
thrown [./src/hotspot/share/interpreter/linkResolver.cpp, line 840]
Event: 13.021 Thread 0x00007688780182c0 Exception <a 'java/lang/IncompatibleClassChangeError'{0x000000008b6ae558}: Found class java.lang.Object, but interface was expected> (0x000000008b6ae558) 
thrown [./src/hotspot/share/interpreter/linkResolver.cpp, line 840]
Event: 13.039 Thread 0x00007688780182c0 Exception <a 'java/lang/NoSuchMethodError'{0x000000008b52d578}: 'java.lang.Object java.lang.invoke.DirectMethodHandle$Holder.invokeVirtual(java.lang.Object, java.lang.Object, java.lang.Object, java.lang.Object, java.lang.Object, java.lang.Object, java.lang.Object)'> (0x000000008b52d578) 
thrown [./src/hotspot/share/interpreter/linkResolver.cpp, line 772]
Event: 13.393 Thread 0x00007688780182c0 Exception <a 'java/lang/IncompatibleClassChangeError'{0x000000008af9b558}: Found class java.lang.Object, but interface was expected> (0x000000008af9b558) 
thrown [./src/hotspot/share/interpreter/linkResolver.cpp, line 840]
Event: 13.432 Thread 0x00007688780182c0 Exception <a 'java/lang/NoSuchMethodError'{0x000000008ae71f00}: 'java.lang.Object java.lang.invoke.DirectMethodHandle$Holder.newInvokeSpecial(java.lang.Object, java.lang.Object, int, java.lang.Object, java.lang.Object)'> (0x000000008ae71f00) 
thrown [./src/hotspot/share/interpreter/linkResolver.cpp, line 772]
Event: 13.433 Thread 0x00007688780182c0 Exception <a 'java/lang/NoSuchMethodError'{0x000000008ae7cdb0}: 'java.lang.Object java.lang.invoke.DirectMethodHandle$Holder.invokeSpecial(java.lang.Object, java.lang.Object, int, java.lang.Object, int, java.lang.Object)'> (0x000000008ae7cdb0) 
thrown [./src/hotspot/share/interpreter/linkResolver.cpp, line 772]
Event: 13.434 Thread 0x00007688780182c0 Exception <a 'java/lang/NoSuchMethodError'{0x000000008ae83f80}: 'java.lang.Object java.lang.invoke.DirectMethodHandle$Holder.newInvokeSpecial(java.lang.Object, java.lang.Object, int, java.lang.Object, int)'> (0x000000008ae83f80) 
thrown [./src/hotspot/share/interpreter/linkResolver.cpp, line 772]
Event: 13.435 Thread 0x00007688780182c0 Exception <a 'java/lang/NoSuchMethodError'{0x000000008ae87df0}: 'java.lang.Object java.lang.invoke.DirectMethodHandle$Holder.invokeSpecial(java.lang.Object, java.lang.Object, java.lang.Object, int, java.lang.Object, int)'> (0x000000008ae87df0) 
thrown [./src/hotspot/share/interpreter/linkResolver.cpp, line 772]

ZGC Phase Switch (0 events):
No events

VM Operations (20 events):
Event: 12.456 Executing VM operation: G1CollectForAllocation (G1 Evacuation Pause)
Event: 12.480 Executing VM operation: G1CollectForAllocation (G1 Evacuation Pause) done
Event: 12.635 Executing VM operation: CollectForMetadataAllocation (Metadata GC Threshold)
Event: 12.648 Executing VM operation: CollectForMetadataAllocation (Metadata GC Threshold) done
Event: 12.650 Executing VM operation: HandshakeAllThreads (Deoptimize)
Event: 12.650 Executing VM operation: HandshakeAllThreads (Deoptimize) done
Event: 12.726 Executing VM operation: CollectForMetadataAllocation (Metadata GC Threshold)
Event: 12.726 Executing VM operation: CollectForMetadataAllocation (Metadata GC Threshold) done
Event: 12.751 Executing VM operation: G1PauseRemark
Event: 12.759 Executing VM operation: G1PauseRemark done
Event: 12.805 Executing VM operation: G1PauseCleanup
Event: 12.806 Executing VM operation: G1PauseCleanup done
Event: 13.806 Executing VM operation: Cleanup
Event: 13.806 Executing VM operation: Cleanup done
Event: 60.106 Executing VM operation: HandshakeAllThreads (HandshakeForDeflation)
Event: 60.106 Executing VM operation: HandshakeAllThreads (HandshakeForDeflation) done
Event: 60.106 Executing VM operation: RendezvousGCThreads
Event: 60.106 Executing VM operation: RendezvousGCThreads done
Event: 158.120 Executing VM operation: Cleanup
Event: 158.120 Executing VM operation: Cleanup done

Events (20 events):
Event: 12.757 Thread 0x000076887813f720 flushing nmethod 0x000076887c91b490
Event: 12.757 Thread 0x000076887813f720 flushing nmethod 0x000076887c90ef90
Event: 12.757 Thread 0x000076887813f720 flushing nmethod 0x000076887c90b990
Event: 12.757 Thread 0x000076887813f720 flushing nmethod 0x000076887c903890
Event: 12.757 Thread 0x000076887813f720 flushing nmethod 0x000076887c79ae90
Event: 12.757 Thread 0x000076887813f720 flushing nmethod 0x000076887c6f8d10
Event: 12.757 Thread 0x000076887813f720 flushing nmethod 0x000076887c68df10
Event: 12.757 Thread 0x000076887813f720 flushing nmethod 0x000076887c690890
Event: 12.757 Thread 0x000076887813f720 flushing nmethod 0x000076887c572890
Event: 12.757 Thread 0x000076887813f720 flushing nmethod 0x000076887c53ec90
Event: 12.757 Thread 0x000076887813f720 flushing nmethod 0x000076887c50a010
Event: 13.452 Thread 0x000076887a0b8d50 Thread added: 0x000076887a0b8d50
Event: 13.452 Protecting memory [0x000076880a600000,0x000076880a604000] with protection modes 0
Event: 13.455 Thread 0x000076887a0bf550 Thread added: 0x000076887a0bf550
Event: 13.455 Protecting memory [0x000076880a500000,0x000076880a504000] with protection modes 0
Event: 13.500 Thread 0x00007688780182c0 Thread exited: 0x00007688780182c0
Event: 13.500 Protecting memory [0x000076887f700000,0x000076887f704000] with protection modes 0
Event: 13.500 Thread 0x00007688780182c0 Thread added: 0x00007688780182c0
Event: 14.513 Thread 0x0000768788001000 Thread exited: 0x0000768788001000
Event: 18.494 Thread 0x00007687f0106f90 Thread exited: 0x00007687f0106f90


Dynamic libraries:
87800000-8bc00000 rw-p 00000000 00:00 0 
8bc00000-8c400000 ---p 00000000 00:00 0 
8c400000-8c500000 rw-p 00000000 00:00 0 
8c500000-8f100000 ---p 00000000 00:00 0 
8f100000-8f200000 rw-p 00000000 00:00 0 
8f200000-ffc00000 ---p 00000000 00:00 0 
ffc00000-ffe00000 rw-p 00000000 00:00 0 
ffe00000-fff08000 rw-p 00ce9000 103:02 12203357                          /usr/lib/jvm/java-21-openjdk-amd64/lib/server/classes.jsa
fff08000-100000000 rw-p 00000000 00:00 0 
60bfdba24000-60bfdba25000 r--p 00000000 103:02 12203205                  /usr/lib/jvm/java-21-openjdk-amd64/bin/java
60bfdba25000-60bfdba26000 r-xp 00001000 103:02 12203205                  /usr/lib/jvm/java-21-openjdk-amd64/bin/java
60bfdba26000-60bfdba27000 r--p 00002000 103:02 12203205                  /usr/lib/jvm/java-21-openjdk-amd64/bin/java
60bfdba27000-60bfdba28000 r--p 00002000 103:02 12203205                  /usr/lib/jvm/java-21-openjdk-amd64/bin/java
60bfdba28000-60bfdba29000 rw-p 00003000 103:02 12203205                  /usr/lib/jvm/java-21-openjdk-amd64/bin/java
60bfdd8d4000-60bfdd91d000 rw-p 00000000 00:00 0                          [heap]
768774000000-768774021000 rw-p 00000000 00:00 0 
768774021000-768778000000 ---p 00000000 00:00 0 
76877c000000-76877c021000 rw-p 00000000 00:00 0 
76877c021000-768780000000 ---p 00000000 00:00 0 
768780000000-768780021000 rw-p 00000000 00:00 0 
768780021000-768784000000 ---p 00000000 00:00 0 
768784000000-768784021000 rw-p 00000000 00:00 0 
768784021000-768788000000 ---p 00000000 00:00 0 
768788000000-768788021000 rw-p 00000000 00:00 0 
768788021000-76878c000000 ---p 00000000 00:00 0 
76878c000000-76878c021000 rw-p 00000000 00:00 0 
76878c021000-768790000000 ---p 00000000 00:00 0 
768790000000-768790021000 rw-p 00000000 00:00 0 
768790021000-768794000000 ---p 00000000 00:00 0 
768794000000-768794021000 rw-p 00000000 00:00 0 
768794021000-768798000000 ---p 00000000 00:00 0 
768798000000-768798021000 rw-p 00000000 00:00 0 
768798021000-76879c000000 ---p 00000000 00:00 0 
76879c000000-76879c021000 rw-p 00000000 00:00 0 
76879c021000-7687a0000000 ---p 00000000 00:00 0 
7687a0000000-7687a0021000 rw-p 00000000 00:00 0 
7687a0021000-7687a4000000 ---p 00000000 00:00 0 
7687a4000000-7687a4021000 rw-p 00000000 00:00 0 
7687a4021000-7687a8000000 ---p 00000000 00:00 0 
7687a8000000-7687a8021000 rw-p 00000000 00:00 0 
7687a8021000-7687ac000000 ---p 00000000 00:00 0 
7687ac000000-7687ac021000 rw-p 00000000 00:00 0 
7687ac021000-7687b0000000 ---p 00000000 00:00 0 
7687b0000000-7687b0021000 rw-p 00000000 00:00 0 
7687b0021000-7687b4000000 ---p 00000000 00:00 0 
7687b4000000-7687b4021000 rw-p 00000000 00:00 0 
7687b4021000-7687b8000000 ---p 00000000 00:00 0 
7687b8000000-7687b8021000 rw-p 00000000 00:00 0 
7687b8021000-7687bc000000 ---p 00000000 00:00 0 
7687bc000000-7687bc021000 rw-p 00000000 00:00 0 
7687bc021000-7687c0000000 ---p 00000000 00:00 0 
7687c0000000-7687c0021000 rw-p 00000000 00:00 0 
7687c0021000-7687c4000000 ---p 00000000 00:00 0 
7687c4000000-7687c4021000 rw-p 00000000 00:00 0 
7687c4021000-7687c8000000 ---p 00000000 00:00 0 
7687c8000000-7687c807a000 rw-p 00000000 00:00 0 
7687c807a000-7687cc000000 ---p 00000000 00:00 0 
7687cc000000-7687cc021000 rw-p 00000000 00:00 0 
7687cc021000-7687d0000000 ---p 00000000 00:00 0 
7687d0000000-7687d0021000 rw-p 00000000 00:00 0 
7687d0021000-7687d4000000 ---p 00000000 00:00 0 
7687d4000000-7687d4021000 rw-p 00000000 00:00 0 
7687d4021000-7687d8000000 ---p 00000000 00:00 0 
7687d8000000-7687d829d000 rw-p 00000000 00:00 0 
7687d829d000-7687dc000000 ---p 00000000 00:00 0 
7687dc000000-7687dc26f000 rw-p 00000000 00:00 0 
7687dc26f000-7687e0000000 ---p 00000000 00:00 0 
7687e0000000-7687e0021000 rw-p 00000000 00:00 0 
7687e0021000-7687e4000000 ---p 00000000 00:00 0 
7687e4000000-7687e4021000 rw-p 00000000 00:00 0 
7687e4021000-7687e8000000 ---p 00000000 00:00 0 
7687e8000000-7687e8021000 rw-p 00000000 00:00 0 
7687e8021000-7687ec000000 ---p 00000000 00:00 0 
7687ec000000-7687ec021000 rw-p 00000000 00:00 0 
7687ec021000-7687f0000000 ---p 00000000 00:00 0 
7687f0000000-7687f034c000 rw-p 00000000 00:00 0 
7687f034c000-7687f4000000 ---p 00000000 00:00 0 
7687f4000000-7687f4021000 rw-p 00000000 00:00 0 
7687f4021000-7687f8000000 ---p 00000000 00:00 0 
7687f8000000-7687f8021000 rw-p 00000000 00:00 0 
7687f8021000-7687fc000000 ---p 00000000 00:00 0 
7687fc000000-7687fc021000 rw-p 00000000 00:00 0 
7687fc021000-768800000000 ---p 00000000 00:00 0 
768800000000-768800021000 rw-p 00000000 00:00 0 
768800021000-768804000000 ---p 00000000 00:00 0 
768804000000-768804021000 rw-p 00000000 00:00 0 
768804021000-768808000000 ---p 00000000 00:00 0 
76880a500000-76880a504000 ---p 00000000 00:00 0 
76880a504000-76880a600000 rw-p 00000000 00:00 0 
76880a600000-76880a604000 ---p 00000000 00:00 0 
76880a604000-76880a700000 rw-p 00000000 00:00 0 
76880a700000-76880a704000 ---p 00000000 00:00 0 
76880a704000-76880a800000 rw-p 00000000 00:00 0 
76880a800000-76880a804000 ---p 00000000 00:00 0 
76880a804000-76880a900000 rw-p 00000000 00:00 0 
76880a900000-76880a904000 ---p 00000000 00:00 0 
76880a904000-76880aa00000 rw-p 00000000 00:00 0 
76880aa00000-76880aa04000 ---p 00000000 00:00 0 
76880aa04000-76880ab00000 rw-p 00000000 00:00 0 
76880ab00000-76880ab04000 ---p 00000000 00:00 0 
76880ab04000-76880ac00000 rw-p 00000000 00:00 0 
76880ac00000-76880ac04000 ---p 00000000 00:00 0 
76880ac04000-76880ad00000 rw-p 00000000 00:00 0 
76880ad00000-76880ad04000 ---p 00000000 00:00 0 
76880ad04000-76880ae00000 rw-p 00000000 00:00 0 
76880ae00000-76880ae04000 ---p 00000000 00:00 0 
76880ae04000-76880af00000 rw-p 00000000 00:00 0 
76880af00000-76880af04000 ---p 00000000 00:00 0 
76880af04000-76880b3f0000 rw-p 00000000 00:00 0 
76880b3f0000-76880c5f0000 rw-p 00000000 00:00 0 
76880c5f0000-76880c6f0000 rw-p 00000000 00:00 0 
76880c6f0000-76880c7f0000 rw-p 00000000 00:00 0 
76880c7f0000-76880d050000 rw-p 00000000 00:00 0 
76880d050000-76880d070000 rw-p 00000000 00:00 0 
76880d070000-76880d0f0000 rw-p 00000000 00:00 0 
76880d0f0000-76880d2f0000 rw-p 00000000 00:00 0 
76880d2f0000-76880d370000 rw-p 00000000 00:00 0 
76880d370000-76880d3f0000 rw-p 00000000 00:00 0 
76880d3f0000-76880e540000 rw-p 00000000 00:00 0 
76880e540000-76880f000000 ---p 00000000 00:00 0 
76880f000000-76880fcaa000 rw-p 00001000 103:02 12203357                  /usr/lib/jvm/java-21-openjdk-amd64/lib/server/classes.jsa
76880fcaa000-768810000000 ---p 00000000 00:00 0 
768810000000-768810030000 rw-p 00000000 00:00 0 
768810030000-768810070000 rw-p 00000000 00:00 0 
768810070000-7688100d0000 rw-p 00000000 00:00 0 
7688100d0000-7688100f0000 rw-p 00000000 00:00 0 
7688100f0000-7688101d0000 rw-p 00000000 00:00 0 
7688101d0000-7688101f0000 rw-p 00000000 00:00 0 
7688101f0000-7688103b0000 rw-p 00000000 00:00 0 
7688103b0000-7688103f0000 rw-p 00000000 00:00 0 
7688103f0000-7688105b0000 rw-p 00000000 00:00 0 
7688105b0000-7688105d0000 rw-p 00000000 00:00 0 
7688105d0000-7688105f0000 rw-p 00000000 00:00 0 
7688105f0000-768810910000 rw-p 00000000 00:00 0 
768810910000-768850000000 ---p 00000000 00:00 0 
768850000000-768850021000 rw-p 00000000 00:00 0 
768850021000-768854000000 ---p 00000000 00:00 0 
768854000000-768854021000 rw-p 00000000 00:00 0 
768854021000-768858000000 ---p 00000000 00:00 0 
768858000000-768858021000 rw-p 00000000 00:00 0 
768858021000-76885c000000 ---p 00000000 00:00 0 
76885c0f8000-76885c0fc000 ---p 00000000 00:00 0 
76885c0fc000-76885c1f8000 rw-p 00000000 00:00 0 
76885c1f8000-76885c1fc000 ---p 00000000 00:00 0 
76885c1fc000-76885c2f8000 rw-p 00000000 00:00 0 
76885c2f8000-76885c2fc000 ---p 00000000 00:00 0 
76885c2fc000-76885c3f8000 rw-p 00000000 00:00 0 
76885c3f8000-76885c3fc000 ---p 00000000 00:00 0 
76885c3fc000-76885c4f8000 rw-p 00000000 00:00 0 
76885c4f8000-76885c4fc000 ---p 00000000 00:00 0 
76885c4fc000-76885c5f8000 rw-p 00000000 00:00 0 
76885c5f8000-76885c5f9000 ---p 00000000 00:00 0 
76885c5f9000-76885c6f9000 rw-p 00000000 00:00 0 
76885c6f9000-76885c6fa000 ---p 00000000 00:00 0 
76885c6fa000-76885c7fa000 rw-p 00000000 00:00 0 
76885c7fa000-76885c7fb000 ---p 00000000 00:00 0 
76885c7fb000-76885c8fb000 rw-p 00000000 00:00 0 
76885c8fb000-76885c8ff000 ---p 00000000 00:00 0 
76885c8ff000-76885c9fb000 rw-p 00000000 00:00 0 
76885c9fb000-76885c9fc000 ---p 00000000 00:00 0 
76885c9fc000-76885cafc000 rw-p 00000000 00:00 0 
76885cafc000-76885cafd000 ---p 00000000 00:00 0 
76885cafd000-76885cbfd000 rw-p 00000000 00:00 0 
76885cbfd000-76885cbfe000 ---p 00000000 00:00 0 
76885cbfe000-76885ccfe000 rw-p 00000000 00:00 0 
76885ccfe000-76885cd02000 ---p 00000000 00:00 0 
76885cd02000-76885cdfe000 rw-p 00000000 00:00 0 
76885cdfe000-76885cdff000 ---p 00000000 00:00 0 
76885cdff000-76885ceff000 rw-p 00000000 00:00 0 
76885ceff000-76885cf00000 ---p 00000000 00:00 0 
76885cf00000-76885d000000 rw-p 00000000 00:00 0 
76885d000000-76885d004000 ---p 00000000 00:00 0 
76885d004000-76885d100000 rw-p 00000000 00:00 0 
76885d100000-76885d104000 ---p 00000000 00:00 0 
76885d104000-76885d200000 rw-p 00000000 00:00 0 
76885d200000-76885d204000 ---p 00000000 00:00 0 
76885d204000-76885d300000 rw-p 00000000 00:00 0 
76885d300000-76885d304000 ---p 00000000 00:00 0 
76885d304000-76885d400000 rw-p 00000000 00:00 0 
76885d400000-76885d404000 ---p 00000000 00:00 0 
76885d404000-76885d500000 rw-p 00000000 00:00 0 
76885d500000-76885d504000 ---p 00000000 00:00 0 
76885d504000-76885d600000 rw-p 00000000 00:00 0 
76885d600000-76885d604000 ---p 00000000 00:00 0 
76885d604000-76885d700000 rw-p 00000000 00:00 0 
76885d700000-76885d704000 ---p 00000000 00:00 0 
76885d704000-76885d800000 rw-p 00000000 00:00 0 
76885d800000-76885dd75000 r--p 00000000 103:02 9568631                   /usr/lib/locale/locale-archive
76885ddff000-76885de03000 ---p 00000000 00:00 0 
76885de03000-76885deff000 rw-p 00000000 00:00 0 
76885deff000-76885df00000 ---p 00000000 00:00 0 
76885df00000-768860021000 rw-p 00000000 00:00 0 
768860021000-768864000000 ---p 00000000 00:00 0 
768864000000-768864021000 rw-p 00000000 00:00 0 
768864021000-768868000000 ---p 00000000 00:00 0 
768868000000-768868021000 rw-p 00000000 00:00 0 
768868021000-76886c000000 ---p 00000000 00:00 0 
76886c0c4000-76886c0c5000 ---p 00000000 00:00 0 
76886c0c5000-76886c246000 rw-p 00000000 00:00 0 
76886c246000-76886c247000 ---p 00000000 00:00 0 
76886c247000-76886c347000 rw-p 00000000 00:00 0 
76886c347000-76886c348000 ---p 00000000 00:00 0 
76886c348000-76886cc50000 rw-p 00000000 00:00 0 
76886cc50000-76886cc51000 ---p 00000000 00:00 0 
76886cc51000-76886cd51000 rw-p 00000000 00:00 0 
76886cd51000-76886cd52000 ---p 00000000 00:00 0 
76886cd52000-76886ce52000 rw-p 00000000 00:00 0 
76886ce52000-76886ce53000 ---p 00000000 00:00 0 
76886ce53000-76886d063000 rw-p 00000000 00:00 0 
76886d063000-76886d083000 ---p 00000000 00:00 0 
76886d083000-76886d087000 rw-p 00000000 00:00 0 
76886d087000-76886d137000 ---p 00000000 00:00 0 
76886d137000-76886d13b000 rw-p 00000000 00:00 0 
76886d13b000-76886ed63000 ---p 00000000 00:00 0 
76886ed63000-76886ed6f000 rw-p 00000000 00:00 0 
76886ed6f000-76886ed95000 rw-p 00000000 00:00 0 
76886ed95000-76886ed99000 ---p 00000000 00:00 0 
76886ed99000-76886ed9a000 rw-p 00000000 00:00 0 
76886ed9a000-76886edaf000 ---p 00000000 00:00 0 
76886edaf000-76886edb0000 rw-p 00000000 00:00 0 
76886edb0000-76886f135000 ---p 00000000 00:00 0 
76886f135000-76886f159000 rw-p 00000000 00:00 0 
76886f159000-76886f15d000 ---p 00000000 00:00 0 
76886f15d000-76886f15e000 rw-p 00000000 00:00 0 
76886f15e000-76886f173000 ---p 00000000 00:00 0 
76886f173000-76886f174000 rw-p 00000000 00:00 0 
76886f174000-76886f4f9000 ---p 00000000 00:00 0 
76886f4f9000-76886fa00000 rw-p 00000000 00:00 0 
76886fa00000-768877ff9000 r--s 00000000 103:02 12203354                  /usr/lib/jvm/java-21-openjdk-amd64/lib/modules
768878000000-76887a0c9000 rw-p 00000000 00:00 0 
76887a0c9000-76887c000000 ---p 00000000 00:00 0 
76887c03f000-76887c046000 r--s 00000000 103:02 9593410                   /usr/lib/x86_64-linux-gnu/gconv/gconv-modules.cache
76887c046000-76887c04a000 r--p 00000000 103:02 12203352                  /usr/lib/jvm/java-21-openjdk-amd64/lib/libverify.so
76887c04a000-76887c051000 r-xp 00004000 103:02 12203352                  /usr/lib/jvm/java-21-openjdk-amd64/lib/libverify.so
76887c051000-76887c053000 r--p 0000b000 103:02 12203352                  /usr/lib/jvm/java-21-openjdk-amd64/lib/libverify.so
76887c053000-76887c055000 r--p 0000c000 103:02 12203352                  /usr/lib/jvm/java-21-openjdk-amd64/lib/libverify.so
76887c055000-76887c056000 rw-p 0000e000 103:02 12203352                  /usr/lib/jvm/java-21-openjdk-amd64/lib/libverify.so
76887c056000-76887c058000 r--p 00000000 103:02 12203353                  /usr/lib/jvm/java-21-openjdk-amd64/lib/libzip.so
76887c058000-76887c05d000 r-xp 00002000 103:02 12203353                  /usr/lib/jvm/java-21-openjdk-amd64/lib/libzip.so
76887c05d000-76887c05f000 r--p 00007000 103:02 12203353                  /usr/lib/jvm/java-21-openjdk-amd64/lib/libzip.so
76887c05f000-76887c060000 r--p 00008000 103:02 12203353                  /usr/lib/jvm/java-21-openjdk-amd64/lib/libzip.so
76887c060000-76887c061000 rw-p 00009000 103:02 12203353                  /usr/lib/jvm/java-21-openjdk-amd64/lib/libzip.so
76887c061000-76887c400000 rw-p 00000000 00:00 0 
76887c400000-76887cd90000 rwxp 00000000 00:00 0 
76887cd90000-76887f400000 ---p 00000000 00:00 0 
76887f400000-76887f49d000 r--p 00000000 103:02 9579394                   /usr/lib/x86_64-linux-gnu/libstdc++.so.6.0.33
76887f49d000-76887f5dd000 r-xp 0009d000 103:02 9579394                   /usr/lib/x86_64-linux-gnu/libstdc++.so.6.0.33
76887f5dd000-76887f66b000 r--p 001dd000 103:02 9579394                   /usr/lib/x86_64-linux-gnu/libstdc++.so.6.0.33
76887f66b000-76887f676000 r--p 0026b000 103:02 9579394                   /usr/lib/x86_64-linux-gnu/libstdc++.so.6.0.33
76887f676000-76887f679000 rw-p 00276000 103:02 9579394                   /usr/lib/x86_64-linux-gnu/libstdc++.so.6.0.33
76887f679000-76887f67d000 rw-p 00000000 00:00 0 
76887f67e000-76887f67f000 r--p 00000000 103:02 12203324                  /usr/lib/jvm/java-21-openjdk-amd64/lib/libextnet.so
76887f67f000-76887f680000 r-xp 00001000 103:02 12203324                  /usr/lib/jvm/java-21-openjdk-amd64/lib/libextnet.so
76887f680000-76887f681000 r--p 00002000 103:02 12203324                  /usr/lib/jvm/java-21-openjdk-amd64/lib/libextnet.so
76887f681000-76887f682000 r--p 00002000 103:02 12203324                  /usr/lib/jvm/java-21-openjdk-amd64/lib/libextnet.so
76887f682000-76887f683000 rw-p 00003000 103:02 12203324                  /usr/lib/jvm/java-21-openjdk-amd64/lib/libextnet.so
76887f683000-76887f700000 rw-p 00000000 00:00 0 
76887f700000-76887f704000 ---p 00000000 00:00 0 
76887f704000-76887f800000 rw-p 00000000 00:00 0 
76887f800000-76887fa96000 r--p 00000000 103:02 12203360                  /usr/lib/jvm/java-21-openjdk-amd64/lib/server/libjvm.so
76887fa96000-7688808f9000 r-xp 00296000 103:02 12203360                  /usr/lib/jvm/java-21-openjdk-amd64/lib/server/libjvm.so
7688808f9000-768880bcb000 r--p 010f9000 103:02 12203360                  /usr/lib/jvm/java-21-openjdk-amd64/lib/server/libjvm.so
768880bcb000-768880c9b000 r--p 013ca000 103:02 12203360                  /usr/lib/jvm/java-21-openjdk-amd64/lib/server/libjvm.so
768880c9b000-768880ccb000 rw-p 0149a000 103:02 12203360                  /usr/lib/jvm/java-21-openjdk-amd64/lib/server/libjvm.so
768880ccb000-768880d30000 rw-p 00000000 00:00 0 
768880d31000-768880d33000 r--p 00000000 103:02 12203343                  /usr/lib/jvm/java-21-openjdk-amd64/lib/libmanagement_ext.so
768880d33000-768880d36000 r-xp 00002000 103:02 12203343                  /usr/lib/jvm/java-21-openjdk-amd64/lib/libmanagement_ext.so
768880d36000-768880d37000 r--p 00005000 103:02 12203343                  /usr/lib/jvm/java-21-openjdk-amd64/lib/libmanagement_ext.so
768880d37000-768880d38000 r--p 00006000 103:02 12203343                  /usr/lib/jvm/java-21-openjdk-amd64/lib/libmanagement_ext.so
768880d38000-768880d39000 rw-p 00007000 103:02 12203343                  /usr/lib/jvm/java-21-openjdk-amd64/lib/libmanagement_ext.so
768880d39000-768880d40000 r--p 00000000 103:02 12203346                  /usr/lib/jvm/java-21-openjdk-amd64/lib/libnio.so
768880d40000-768880d49000 r-xp 00007000 103:02 12203346                  /usr/lib/jvm/java-21-openjdk-amd64/lib/libnio.so
768880d49000-768880d4d000 r--p 00010000 103:02 12203346                  /usr/lib/jvm/java-21-openjdk-amd64/lib/libnio.so
768880d4d000-768880d4e000 r--p 00014000 103:02 12203346                  /usr/lib/jvm/java-21-openjdk-amd64/lib/libnio.so
768880d4e000-768880d4f000 rw-p 00015000 103:02 12203346                  /usr/lib/jvm/java-21-openjdk-amd64/lib/libnio.so
768880d4f000-768880d63000 rw-p 00000000 00:00 0 
768880d63000-768880daf000 ---p 00000000 00:00 0 
768880daf000-768880dbc000 r--p 00000000 103:02 12203331                  /usr/lib/jvm/java-21-openjdk-amd64/lib/libjava.so
768880dbc000-768880dcb000 r-xp 0000d000 103:02 12203331                  /usr/lib/jvm/java-21-openjdk-amd64/lib/libjava.so
768880dcb000-768880dd0000 r--p 0001c000 103:02 12203331                  /usr/lib/jvm/java-21-openjdk-amd64/lib/libjava.so
768880dd0000-768880dd1000 r--p 00021000 103:02 12203331                  /usr/lib/jvm/java-21-openjdk-amd64/lib/libjava.so
768880dd1000-768880dd2000 rw-p 00022000 103:02 12203331                  /usr/lib/jvm/java-21-openjdk-amd64/lib/libjava.so
768880dd2000-768880dd3000 rw-p 00000000 00:00 0 
768880dd3000-768880dd7000 r--p 00000000 103:02 9579387                   /usr/lib/x86_64-linux-gnu/libgcc_s.so.1
768880dd7000-768880dfa000 r-xp 00004000 103:02 9579387                   /usr/lib/x86_64-linux-gnu/libgcc_s.so.1
768880dfa000-768880dfe000 r--p 00027000 103:02 9579387                   /usr/lib/x86_64-linux-gnu/libgcc_s.so.1
768880dfe000-768880dff000 r--p 0002b000 103:02 9579387                   /usr/lib/x86_64-linux-gnu/libgcc_s.so.1
768880dff000-768880e00000 rw-p 0002c000 103:02 9579387                   /usr/lib/x86_64-linux-gnu/libgcc_s.so.1
768880e00000-768880e28000 r--p 00000000 103:02 9593433                   /usr/lib/x86_64-linux-gnu/libc.so.6
768880e28000-768880fb0000 r-xp 00028000 103:02 9593433                   /usr/lib/x86_64-linux-gnu/libc.so.6
768880fb0000-768880fff000 r--p 001b0000 103:02 9593433                   /usr/lib/x86_64-linux-gnu/libc.so.6
768880fff000-768881003000 r--p 001fe000 103:02 9593433                   /usr/lib/x86_64-linux-gnu/libc.so.6
768881003000-768881005000 rw-p 00202000 103:02 9593433                   /usr/lib/x86_64-linux-gnu/libc.so.6
768881005000-768881012000 rw-p 00000000 00:00 0 
768881014000-768881017000 r--p 00000000 103:02 12203345                  /usr/lib/jvm/java-21-openjdk-amd64/lib/libnet.so
768881017000-76888101f000 r-xp 00003000 103:02 12203345                  /usr/lib/jvm/java-21-openjdk-amd64/lib/libnet.so
76888101f000-768881021000 r--p 0000b000 103:02 12203345                  /usr/lib/jvm/java-21-openjdk-amd64/lib/libnet.so
768881021000-768881022000 r--p 0000c000 103:02 12203345                  /usr/lib/jvm/java-21-openjdk-amd64/lib/libnet.so
768881022000-768881023000 rw-p 0000d000 103:02 12203345                  /usr/lib/jvm/java-21-openjdk-amd64/lib/libnet.so
768881023000-768881033000 r--p 00000000 103:02 9593448                   /usr/lib/x86_64-linux-gnu/libm.so.6
768881033000-7688810b2000 r-xp 00010000 103:02 9593448                   /usr/lib/x86_64-linux-gnu/libm.so.6
7688810b2000-76888110a000 r--p 0008f000 103:02 9593448                   /usr/lib/x86_64-linux-gnu/libm.so.6
76888110a000-76888110b000 r--p 000e7000 103:02 9593448                   /usr/lib/x86_64-linux-gnu/libm.so.6
76888110b000-76888110c000 rw-p 000e8000 103:02 9593448                   /usr/lib/x86_64-linux-gnu/libm.so.6
76888110c000-76888110e000 rw-p 00000000 00:00 0 
76888110e000-768881110000 r--p 00000000 103:02 12203335                  /usr/lib/jvm/java-21-openjdk-amd64/lib/libjli.so
768881110000-76888111a000 r-xp 00002000 103:02 12203335                  /usr/lib/jvm/java-21-openjdk-amd64/lib/libjli.so
76888111a000-76888111d000 r--p 0000c000 103:02 12203335                  /usr/lib/jvm/java-21-openjdk-amd64/lib/libjli.so
76888111d000-76888111e000 r--p 0000f000 103:02 12203335                  /usr/lib/jvm/java-21-openjdk-amd64/lib/libjli.so
76888111e000-76888111f000 rw-p 00010000 103:02 12203335                  /usr/lib/jvm/java-21-openjdk-amd64/lib/libjli.so
76888111f000-768881121000 r--p 00000000 103:02 9579581                   /usr/lib/x86_64-linux-gnu/libz.so.1.3
768881121000-768881133000 r-xp 00002000 103:02 9579581                   /usr/lib/x86_64-linux-gnu/libz.so.1.3
768881133000-768881139000 r--p 00014000 103:02 9579581                   /usr/lib/x86_64-linux-gnu/libz.so.1.3
768881139000-76888113a000 r--p 0001a000 103:02 9579581                   /usr/lib/x86_64-linux-gnu/libz.so.1.3
76888113a000-76888113b000 rw-p 0001b000 103:02 9579581                   /usr/lib/x86_64-linux-gnu/libz.so.1.3
76888113c000-76888113e000 r--p 00000000 103:02 12203341                  /usr/lib/jvm/java-21-openjdk-amd64/lib/libmanagement.so
76888113e000-76888113f000 r-xp 00002000 103:02 12203341                  /usr/lib/jvm/java-21-openjdk-amd64/lib/libmanagement.so
76888113f000-768881140000 r--p 00003000 103:02 12203341                  /usr/lib/jvm/java-21-openjdk-amd64/lib/libmanagement.so
768881140000-768881141000 r--p 00003000 103:02 12203341                  /usr/lib/jvm/java-21-openjdk-amd64/lib/libmanagement.so
768881141000-768881142000 rw-p 00004000 103:02 12203341                  /usr/lib/jvm/java-21-openjdk-amd64/lib/libmanagement.so
768881142000-76888114a000 rw-s 00000000 103:02 10633893                  /tmp/hsperfdata_root/6361
76888114a000-76888114b000 ---p 00000000 00:00 0 
76888114b000-76888114c000 r--p 00000000 00:00 0 
76888114c000-76888114d000 ---p 00000000 00:00 0 
76888114d000-76888114f000 r--p 00000000 103:02 12203334                  /usr/lib/jvm/java-21-openjdk-amd64/lib/libjimage.so
76888114f000-768881152000 r-xp 00002000 103:02 12203334                  /usr/lib/jvm/java-21-openjdk-amd64/lib/libjimage.so
768881152000-768881153000 r--p 00005000 103:02 12203334                  /usr/lib/jvm/java-21-openjdk-amd64/lib/libjimage.so
768881153000-768881154000 r--p 00006000 103:02 12203334                  /usr/lib/jvm/java-21-openjdk-amd64/lib/libjimage.so
768881154000-768881155000 rw-p 00007000 103:02 12203334                  /usr/lib/jvm/java-21-openjdk-amd64/lib/libjimage.so
768881155000-768881157000 rw-p 00000000 00:00 0 
768881157000-768881158000 r--p 00000000 103:02 9593426                   /usr/lib/x86_64-linux-gnu/ld-linux-x86-64.so.2
768881158000-768881183000 r-xp 00001000 103:02 9593426                   /usr/lib/x86_64-linux-gnu/ld-linux-x86-64.so.2
768881183000-76888118d000 r--p 0002c000 103:02 9593426                   /usr/lib/x86_64-linux-gnu/ld-linux-x86-64.so.2
76888118d000-76888118f000 r--p 00036000 103:02 9593426                   /usr/lib/x86_64-linux-gnu/ld-linux-x86-64.so.2
76888118f000-768881191000 rw-p 00038000 103:02 9593426                   /usr/lib/x86_64-linux-gnu/ld-linux-x86-64.so.2
7ffcbe172000-7ffcbe194000 rw-p 00000000 00:00 0                          [stack]
7ffcbe1ed000-7ffcbe1f1000 r--p 00000000 00:00 0                          [vvar]
7ffcbe1f1000-7ffcbe1f3000 r-xp 00000000 00:00 0                          [vdso]
ffffffffff600000-ffffffffff601000 --xp 00000000 00:00 0                  [vsyscall]
Total number of mappings: 339


VM Arguments:
jvm_args: -XX:TieredStopAtLevel=1 
java_command: com.newsletter.NewsletterApplication
java_class_path (initial): /home/i/Downloads/newsletter/target/classes:/root/.m2/repository/com/zaxxer/HikariCP/5.1.0/HikariCP-5.1.0.jar:/root/.m2/repository/org/springframework/spring-jdbc/6.1.8/spring-jdbc-6.1.8.jar:/root/.m2/repository/org/springframework/data/spring-data-jdbc/3.3.0/spring-data-jdbc-3.3.0.jar:/root/.m2/repository/org/springframework/data/spring-data-relational/3.3.0/spring-data-relational-3.3.0.jar:/root/.m2/repository/com/github/jsqlparser/jsqlparser/4.6/jsqlparser-4.6.jar:/root/.m2/repository/org/aspectj/aspectjweaver/1.9.22/aspectjweaver-1.9.22.jar:/root/.m2/repository/org/hibernate/orm/hibernate-core/6.5.2.Final/hibernate-core-6.5.2.Final.jar:/root/.m2/repository/jakarta/persistence/jakarta.persistence-api/3.1.0/jakarta.persistence-api-3.1.0.jar:/root/.m2/repository/jakarta/transaction/jakarta.transaction-api/2.0.1/jakarta.transaction-api-2.0.1.jar:/root/.m2/repository/org/jboss/logging/jboss-logging/3.5.3.Final/jboss-logging-3.5.3.Final.jar:/root/.m2/repository/org/hibernate/common/hibernate-commons-annotations/6.0.6.Final/hibernate-commons-annotations-6.0.6.Final.jar:/root/.m2/repository/io/smallrye/jandex/3.1.2/jandex-3.1.2.jar:/root/.m2/repository/com/fasterxml/classmate/1.7.0/classmate-1.7.0.jar:/root/.m2/repository/net/bytebuddy/byte-buddy/1.14.16/byte-buddy-1.14.16.jar:/root/.m2/repository/org/glassfish/jaxb/jaxb-runtime/4.0.5/jaxb-runtime-4.0.5.jar:/root/.m2/repository/org/glassfish/jaxb/jaxb-core/4.0.5/jaxb-core-4.0.5.jar:/root/.m2/repository/org/eclipse/angus/angus-activation/2.0.2/angus-activation-2.0.2.jar:/root/.m2/repository/org/glassfish/jaxb/txw2/4.0.5/txw2-4.0.5.jar:/root/.m2/repository/com/sun/istack/istack-commons-runtime/4.1.2/istack-commons-runtime-4.1.2.jar:/root/.m2/repository/jakarta/inject/jakarta.inject-api/2.0.1/jakarta.inject-api-2.0.1.jar:/root/.m2/repository/org/springframework/spring-aspects/6.1.8/spring-aspects-6.1.8.jar:/root/.m2/repository/org/springframework/data/spring-data-jpa/3.3.0/spring-data-jpa-3.3.0.jar:/root/.m2/repository/org/springframework/data/spring-data-commons/3.3.0/spring-data-commons-3.3.0.jar:/root/.m2/repository/org/springframework/spring-orm/6.1.8/spring-orm-6.1.8.jar:/root/.m2/repository/org/springframework/spring-context/6.1.8/spring-context-6.1.8.jar:/root/.m2/repository/org/springframework/spring-expression/6.1.8/spring-expression-6.1.8.jar:/root/.m2/repository/io/micrometer/micrometer-observation/1.13.0/micrometer-observation-1.13.0.jar:/root/.m2/repository/io/micrometer/micrometer-commons/1.13.0/micrometer-commons-1.13.0.jar:/root/.m2/repository/org/springframework/spring-aop/6.1.8/spring-aop-6.1.8.jar:/root/.m2/repository/org/springframework/spring-tx/6.1.8/spring-tx-6.1.8.jar:/root/.m2/repository/org/springframework/spring-beans/6.1.8/spring-beans-6.1.8.jar:/root/.m2/repository/org/springframework/spring-core/6.1.8/spring-core-6.1.8.jar:/root/.m2/repository/org/springframework/spring-jcl/6.1.8/spring-jcl-6.1.8.jar:/root/.m2/repository/org/antlr/antlr4-runtime/4.13.0/antlr4-runtime-4.13.0.jar:/root/.m2/repository/jakarta/annotation/jakarta.annotation-api/2.1.1/jakarta.annotation-api-2.1.1.jar:/root/.m2/repository/org/slf4j/slf4j-api/2.0.13/slf4j-api-2.0.13.jar:/root/.m2/repository/org/springframework/boot/spring-boot/3.3.0/spring-boot-3.3.0.jar:/root/.m2/repository/org/springframework/boot/spring-boot-autoconfigure/3.3.0/spring-boot-autoconfigure-3.3.0.jar:/root/.m2/repository/ch/qos/logback/logback-classic/1.5.6/logback-classic-1.5.6.jar:/root/.m2/repository/ch/qos/logback/logback-core/1.5.6/logback-core-1.5.6.jar:/root/.m2/repository/org/apache/logging/log4j/log4j-to-slf4j/2.23.1/log4j-to-slf4j-2.23.1.jar:/root/.m2/repository/org/apache/logging/log4j/log4j-api/2.23.1/log4j-api-2.23.1.jar:/root/.m2/repository/org/slf4j/jul-to-slf4j/2.0.13/jul-to-slf4j-2.0.13.jar:/root/.m2/repository/org/yaml/snakeyaml/2.2/snakeyaml-2.2.jar:/root/.m2/repository/com/fasterxml/jackson/core/jackson-databind/2.17.1/jackson-databind-2.17.1.jar:/root/.m2/repository/com/fasterxml/jackson/core/jackson-annotations/2.17.1/jackson-annotations-2.17.1.jar:/root/.m2/repository/com/fasterxml/jackson/core/jackson-core/2.17.1/jackson-core-2.17.1.jar:/root/.m2/repository/com/fasterxml/jackson/datatype/jackson-datatype-jdk8/2.17.1/jackson-datatype-jdk8-2.17.1.jar:/root/.m2/repository/com/fasterxml/jackson/datatype/jackson-datatype-jsr310/2.17.1/jackson-datatype-jsr310-2.17.1.jar:/root/.m2/repository/com/fasterxml/jackson/module/jackson-module-parameter-names/2.17.1/jackson-module-parameter-names-2.17.1.jar:/root/.m2/repository/org/apache/tomcat/embed/tomcat-embed-core/10.1.24/tomcat-embed-core-10.1.24.jar:/root/.m2/repository/org/apache/tomcat/embed/tomcat-embed-el/10.1.24/tomcat-embed-el-10.1.24.jar:/root/.m2/repository/org/apache/tomcat/embed/tomcat-embed-websocket/10.1.24/tomcat-embed-websocket-10.1.24.jar:/root/.m2/repository/org/springframework/spring-web/6.1.8/spring-web-6.1.8.jar:/root/.m2/repository/org/springframework/spring-webmvc/6.1.8/spring-webmvc-6.1.8.jar:/root/.m2/repository/io/projectreactor/netty/reactor-netty-http/1.1.19/reactor-netty-http-1.1.19.jar:/root/.m2/repository/io/netty/netty-codec-http/4.1.110.Final/netty-codec-http-4.1.110.Final.jar:/root/.m2/repository/io/netty/netty-common/4.1.110.Final/netty-common-4.1.110.Final.jar:/root/.m2/repository/io/netty/netty-buffer/4.1.110.Final/netty-buffer-4.1.110.Final.jar:/root/.m2/repository/io/netty/netty-transport/4.1.110.Final/netty-transport-4.1.110.Final.jar:/root/.m2/repository/io/netty/netty-codec/4.1.110.Final/netty-codec-4.1.110.Final.jar:/root/.m2/repository/io/netty/netty-handler/4.1.110.Final/netty-handler-4.1.110.Final.jar:/root/.m2/repository/io/netty/netty-codec-http2/4.1.110.Final/netty-codec-http2-4.1.110.Final.jar:/root/.m2/repository/io/netty/netty-resolver-dns/4.1.110.Final/netty-resolver-dns-4.1.110.Final.jar:/root/.m2/repository/io/netty/netty-resolver/4.1.110.Final/netty-resolver-4.1.110.Final.jar:/root/.m2/repository/io/netty/netty-codec-dns/4.1.110.Final/netty-codec-dns-4.1.110.Final.jar:/root/.m2/repository/io/netty/netty-resolver-dns-native-macos/4.1.110.Final/netty-resolver-dns-native-macos-4.1.110.Final-osx-x86_64.jar:/root/.m2/repository/io/netty/netty-resolver-dns-classes-macos/4.1.110.Final/netty-resolver-dns-classes-macos-4.1.110.Final.jar:/root/.m2/repository/io/netty/netty-transport-native-epoll/4.1.110.Final/netty-transport-native-epoll-4.1.110.Final-linux-x86_64.jar:/root/.m2/repository/io/netty/netty-transport-native-unix-common/4.1.110.Final/netty-transport-native-unix-common-4.1.110.Final.jar:/root/.m2/repository/io/netty/netty-transport-classes-epoll/4.1.110.Final/netty-transport-classes-epoll-4.1.110.Final.jar:/root/.m2/repository/io/projectreactor/netty/reactor-netty-core/1.1.19/reactor-netty-core-1.1.19.jar:/root/.m2/repository/io/netty/netty-handler-proxy/4.1.110.Final/netty-handler-proxy-4.1.110.Final.jar:/root/.m2/repository/io/netty/netty-codec-socks/4.1.110.Final/netty-codec-socks-4.1.110.Final.jar:/root/.m2/repository/org/springframework/spring-webflux/6.1.8/spring-webflux-6.1.8.jar:/root/.m2/repository/com/mysql/mysql-connector-j/8.0.32/mysql-connector-j-8.0.32.jar:/root/.m2/repository/jakarta/xml/bind/jakarta.xml.bind-api/4.0.2/jakarta.xml.bind-api-4.0.2.jar:/root/.m2/repository/jakarta/activation/jakarta.activation-api/2.1.3/jakarta.activation-api-2.1.3.jar:/root/.m2/repository/io/projectreactor/reactor-core/3.6.6/reactor-core-3.6.6.jar:/root/.m2/repository/org/reactivestreams/reactive-streams/1.0.4/reactive-streams-1.0.4.jar
Launcher Type: SUN_STANDARD

[Global flags]
     intx CICompilerCount                          = 4                                         {product} {ergonomic}
     uint ConcGCThreads                            = 2                                         {product} {ergonomic}
     uint G1ConcRefinementThreads                  = 8                                         {product} {ergonomic}
   size_t G1HeapRegionSize                         = 1048576                                   {product} {ergonomic}
    uintx GCDrainStackTargetSize                   = 64                                        {product} {ergonomic}
   size_t InitialHeapSize                          = 127926272                                 {product} {ergonomic}
   size_t MarkStackSize                            = 4194304                                   {product} {ergonomic}
   size_t MaxHeapSize                              = 2021654528                                {product} {ergonomic}
   size_t MaxNewSize                               = 1212153856                                {product} {ergonomic}
   size_t MinHeapDeltaBytes                        = 1048576                                   {product} {ergonomic}
   size_t MinHeapSize                              = 8388608                                   {product} {ergonomic}
    uintx NonNMethodCodeHeapSize                   = 4096                                   {pd product} {ergonomic}
    uintx NonProfiledCodeHeapSize                  = 0                                      {pd product} {ergonomic}
     bool ProfileInterpreter                       = false                                  {pd product} {command line}
    uintx ProfiledCodeHeapSize                     = 0                                      {pd product} {ergonomic}
   size_t SoftMaxHeapSize                          = 2021654528                             {manageable} {ergonomic}
     intx TieredStopAtLevel                        = 1                                         {product} {command line}
     bool UseCompressedOops                        = true                           {product lp64_product} {ergonomic}
     bool UseG1GC                                  = true                                      {product} {ergonomic}

Logging:
Log output configuration:
 #0: stdout all=warning uptime,level,tags foldmultilines=false
 #1: stderr all=off uptime,level,tags foldmultilines=false

Environment Variables:
PATH=/usr/local/sbin:/usr/local/bin:/usr/sbin:/usr/bin:/sbin:/bin:/snap/bin
SHELL=/bin/bash
DISPLAY=:0
LANG=en_US.UTF-8
TERM=xterm-256color

Active Locale:
LC_ALL=en_US.UTF-8
LC_COLLATE=en_US.UTF-8
LC_CTYPE=en_US.UTF-8
LC_MESSAGES=en_US.UTF-8
LC_MONETARY=en_US.UTF-8
LC_NUMERIC=en_US.UTF-8
LC_TIME=en_US.UTF-8

Signal Handlers:
   SIGSEGV: crash_handler in libjvm.so, mask=11100100010111111101111111111110, flags=SA_RESTART|SA_SIGINFO, unblocked
    SIGBUS: crash_handler in libjvm.so, mask=11100100010111111101111111111110, flags=SA_RESTART|SA_SIGINFO, unblocked
    SIGFPE: crash_handler in libjvm.so, mask=11100100010111111101111111111110, flags=SA_RESTART|SA_SIGINFO, unblocked
   SIGPIPE: javaSignalHandler in libjvm.so, mask=11100100010111111101111111111110, flags=SA_RESTART|SA_SIGINFO, blocked
   SIGXFSZ: javaSignalHandler in libjvm.so, mask=11100100010111111101111111111110, flags=SA_RESTART|SA_SIGINFO, blocked
    SIGILL: crash_handler in libjvm.so, mask=11100100010111111101111111111110, flags=SA_RESTART|SA_SIGINFO, unblocked
   SIGUSR2: SR_handler in libjvm.so, mask=00000000000000000000000000000000, flags=SA_RESTART|SA_SIGINFO, blocked
    SIGHUP: UserHandler in libjvm.so, mask=11100100010111111101111111111110, flags=SA_RESTART|SA_SIGINFO, blocked
    SIGINT: UserHandler in libjvm.so, mask=11100100010111111101111111111110, flags=SA_RESTART|SA_SIGINFO, blocked
   SIGTERM: UserHandler in libjvm.so, mask=11100100010111111101111111111110, flags=SA_RESTART|SA_SIGINFO, blocked
   SIGQUIT: UserHandler in libjvm.so, mask=11100100010111111101111111111110, flags=SA_RESTART|SA_SIGINFO, blocked
   SIGTRAP: crash_handler in libjvm.so, mask=11100100010111111101111111111110, flags=SA_RESTART|SA_SIGINFO, unblocked


Periodic native trim disabled

---------------  S Y S T E M  ---------------

OS:
DISTRIB_ID=Ubuntu
DISTRIB_RELEASE=24.04
DISTRIB_CODENAME=noble
DISTRIB_DESCRIPTION="Ubuntu 24.04 LTS"
uname: Linux 6.5.0-35-generic #35-Ubuntu SMP PREEMPT_DYNAMIC Fri Apr 26 11:23:57 UTC 2024 x86_64
OS uptime: 0 days 0:10 hours
libc: glibc 2.39 NPTL 2.39 
rlimit (soft/hard): STACK 8192k/infinity , CORE 0k/0k , NPROC 30558/30558 , NOFILE 1048576/1048576 , AS infinity/infinity , CPU infinity/infinity , DATA infinity/infinity , FSIZE infinity/infinity , MEMLOCK 986856k/986856k
load average: 2.38 2.28 1.26

/proc/meminfo:
MemTotal:        7894860 kB
MemFree:          499580 kB
MemAvailable:    1573308 kB
Buffers:           19136 kB
Cached:          2761328 kB
SwapCached:        23396 kB
Active:          2253628 kB
Inactive:        3743668 kB
Active(anon):    1921432 kB
Inactive(anon):  2845132 kB
Active(file):     332196 kB
Inactive(file):   898536 kB
Unevictable:      440752 kB
Mlocked:              48 kB
SwapTotal:       4194300 kB
SwapFree:        3502076 kB
Zswap:                 0 kB
Zswapped:              0 kB
Dirty:               936 kB
Writeback:            28 kB
AnonPages:       3636756 kB
Mapped:          1428212 kB
Shmem:           1549464 kB
KReclaimable:     133964 kB
Slab:             441468 kB
SReclaimable:     133964 kB
SUnreclaim:       307504 kB
KernelStack:       24368 kB
PageTables:        66020 kB
SecPageTables:         0 kB
NFS_Unstable:          0 kB
Bounce:                0 kB
WritebackTmp:          0 kB
CommitLimit:     8141728 kB
Committed_AS:   17861000 kB
VmallocTotal:   34359738367 kB
VmallocUsed:       71528 kB
VmallocChunk:          0 kB
Percpu:             8064 kB
HardwareCorrupted:     0 kB
AnonHugePages:         0 kB
ShmemHugePages:        0 kB
ShmemPmdMapped:        0 kB
FileHugePages:         0 kB
FilePmdMapped:         0 kB
Unaccepted:            0 kB
HugePages_Total:       0
HugePages_Free:        0
HugePages_Rsvd:        0
HugePages_Surp:        0
Hugepagesize:       2048 kB
Hugetlb:               0 kB
DirectMap4k:      349816 kB
DirectMap2M:     5713920 kB
DirectMap1G:     2097152 kB

/sys/kernel/mm/transparent_hugepage/enabled: always [madvise] never
/sys/kernel/mm/transparent_hugepage/hpage_pmd_size: 2097152
/sys/kernel/mm/transparent_hugepage/defrag (defrag/compaction efforts parameter): always defer defer+madvise [madvise] never

Process Memory:
Virtual Size: 6282044K (peak: 6343100K)
Resident Set Size: 234304K (peak: 234304K) (anon: 209984K, file: 24320K, shmem: 0K)
Swapped out: 0K
C-Heap outstanding allocations: 62523K, retained: 6404K
glibc malloc tunables: (default)

/proc/sys/kernel/threads-max (system-wide limit on the number of threads): 61116
/proc/sys/vm/max_map_count (maximum number of memory map areas a process may have): 1048576
/proc/sys/kernel/pid_max (system-wide limit on number of process identifiers): 4194304

container (cgroup) information:
container_type: cgroupv2
cpu_cpuset_cpus: not supported
cpu_memory_nodes: not supported
active_processor_count: 8
cpu_quota: not supported
cpu_period: not supported
cpu_shares: not supported
memory_limit_in_bytes: unlimited
memory_and_swap_limit_in_bytes: unlimited
memory_soft_limit_in_bytes: unlimited
memory_usage_in_bytes: 2049560 k
memory_max_usage_in_bytes: not supported
memory_swap_current_in_bytes: 860 k
memory_swap_max_limit_in_bytes: unlimited
maximum number of tasks: 9167
current number of tasks: 147

Steal ticks since vm start: 0
Steal ticks percentage since vm start:  0.000

CPU: total 8 (initial active 8) (4 cores per cpu, 2 threads per core) family 6 model 142 stepping 10 microcode 0xf4, cx8, cmov, fxsr, ht, mmx, 3dnowpref, sse, sse2, sse3, ssse3, sse4.1, sse4.2, popcnt, lzcnt, tsc, tscinvbit, avx, avx2, aes, erms, clmul, bmi1, bmi2, adx, fma, vzeroupper, clflush, clflushopt, rdtscp, f16c
CPU Model and flags from /proc/cpuinfo:
model name	: Intel(R) Core(TM) i5-8250U CPU @ 1.60GHz
flags		: fpu vme de pse tsc msr pae mce cx8 apic sep mtrr pge mca cmov pat pse36 clflush dts acpi mmx fxsr sse sse2 ss ht tm pbe syscall nx pdpe1gb rdtscp lm constant_tsc art arch_perfmon pebs bts rep_good nopl xtopology nonstop_tsc cpuid aperfmperf pni pclmulqdq dtes64 monitor ds_cpl vmx est tm2 ssse3 sdbg fma cx16 xtpr pdcm pcid sse4_1 sse4_2 x2apic movbe popcnt tsc_deadline_timer aes xsave avx f16c rdrand lahf_lm abm 3dnowprefetch cpuid_fault epb invpcid_single pti ssbd ibrs ibpb stibp tpr_shadow flexpriority ept vpid ept_ad fsgsbase tsc_adjust sgx bmi1 avx2 smep bmi2 erms invpcid mpx rdseed adx smap clflushopt intel_pt xsaveopt xsavec xgetbv1 xsaves dtherm ida arat pln pts hwp hwp_notify hwp_act_window hwp_epp vnmi md_clear flush_l1d arch_capabilities

Online cpus: 0-7
Offline cpus: 
BIOS frequency limitation: <Not Available>
Frequency switch latency (ns): 0
Available cpu frequencies: <Not Available>
Current governor: powersave
Core performance/turbo boost: <Not Available>

Memory: 4k page, physical 7894860k(1573308k free), swap 4194300k(3502076k free)
Page Sizes: 4k

vm_info: OpenJDK 64-Bit Server VM (21.0.3+9-Ubuntu-1ubuntu1) for linux-amd64 JRE (21.0.3+9-Ubuntu-1ubuntu1), built on 2024-04-22T19:35:05Z by "buildd" with gcc 13.2.0

END.
